Log file open, 09/17/17 14:13:28
LogWindows: LoadLibraryWithSearchPaths failed for file aqProf.dll. GetLastError=0
LogWindows: LoadLibraryWithSearchPaths failed for file VtuneApi.dll. GetLastError=0
LogWindows: LoadLibraryWithSearchPaths failed for file VtuneApi32e.dll. GetLastError=0
LogInit: Display: Running engine for game: PandaMeals_project
LogPlatformFile: Not using cached read wrapper
LogInit: Display: RandInit(1455378133) SRandInit(1455378133).
LogTaskGraph: Started task graph with 5 named threads and 14 total threads with 3 sets of task threads.
LogStats: Stats thread started at 0.210863
LogD3D11RHI: Aftermath initialized
LogPluginManager: Mounting plugin Paper2D
LogPluginManager: Mounting plugin LightPropagationVolume
LogPluginManager: Mounting plugin CodeLiteSourceCodeAccess
LogPluginManager: Mounting plugin GitSourceControl
LogPluginManager: Mounting plugin KDevelopSourceCodeAccess
LogPluginManager: Mounting plugin NullSourceCodeAccess
LogPluginManager: Mounting plugin PerforceSourceControl
LogPluginManager: Mounting plugin SubversionSourceControl
LogPluginManager: Mounting plugin UObjectPlugin
LogPluginManager: Mounting plugin VisualStudioSourceCodeAccess
LogPluginManager: Mounting plugin XCodeSourceCodeAccess
LogPluginManager: Mounting plugin AssetManagerEditor
LogPluginManager: Mounting plugin AudioCapture
LogPluginManager: Mounting plugin FacialAnimation
LogPluginManager: Mounting plugin GameplayTagsEditor
LogPluginManager: Mounting plugin MobileLauncherProfileWizard
LogPluginManager: Mounting plugin PluginBrowser
LogPluginManager: Mounting plugin SpeedTreeImporter
LogPluginManager: Mounting plugin AlembicImporter
LogPluginManager: Mounting plugin CharacterAI
LogPluginManager: Mounting plugin HTML5Networking
LogPluginManager: Mounting plugin AndroidMedia
LogPluginManager: Mounting plugin AvfMedia
LogPluginManager: Mounting plugin MediaPlayerEditor
LogPluginManager: Mounting plugin WmfMedia
LogPluginManager: Mounting plugin TcpMessaging
LogPluginManager: Mounting plugin UdpMessaging
LogPluginManager: Mounting plugin LevelSequenceEditor
LogPluginManager: Mounting plugin MatineeToLevelSequence
LogPluginManager: Mounting plugin OnlineSubsystemGooglePlay
LogPluginManager: Mounting plugin OnlineSubsystemIOS
LogPluginManager: Mounting plugin OnlineSubsystem
LogPluginManager: Mounting plugin OnlineSubsystemNull
LogPluginManager: Mounting plugin OnlineSubsystemUtils
LogPluginManager: Mounting plugin AndroidDeviceProfileSelector
LogPluginManager: Mounting plugin AndroidMoviePlayer
LogPluginManager: Mounting plugin AndroidPermission
LogPluginManager: Mounting plugin AppleMoviePlayer
LogPluginManager: Mounting plugin ArchVisCharacter
LogPluginManager: Mounting plugin CableComponent
LogPluginManager: Mounting plugin CustomMeshComponent
LogPluginManager: Mounting plugin ExampleDeviceProfileSelector
LogPluginManager: Mounting plugin GoogleCloudMessaging
LogPluginManager: Mounting plugin ImmediatePhysics
LogPluginManager: Mounting plugin IOSDeviceProfileSelector
LogPluginManager: Mounting plugin LinuxDeviceProfileSelector
LogPluginManager: Mounting plugin LocationServicesBPLibrary
LogPluginManager: Mounting plugin MobilePatchingUtils
LogPluginManager: Mounting plugin OculusVR
LogPluginManager: Mounting plugin PhysXVehicles
LogPluginManager: Mounting plugin ProceduralMeshComponent
LogPluginManager: Mounting plugin RuntimePhysXCooking
LogPluginManager: Mounting plugin SteamVR
LogPluginManager: Mounting plugin WindowsMoviePlayer
LogInit: Using libcurl 7.47.1
LogInit:  - built for x86_64-pc-win32
LogInit:  - supports SSL with OpenSSL/1.0.2g
LogInit:  - supports HTTP deflate (compression) using libz 1.2.8
LogInit:  - other features:
LogInit:      CURL_VERSION_SSL
LogInit:      CURL_VERSION_LIBZ
LogInit:      CURL_VERSION_IPV6
LogInit:      CURL_VERSION_ASYNCHDNS
LogInit:      CURL_VERSION_LARGEFILE
LogInit:      CURL_VERSION_IDN
LogInit:  CurlRequestOptions (configurable via config and command line):
LogInit:  - bVerifyPeer = false  - Libcurl will NOT verify peer certificate
LogInit:  - bUseHttpProxy = false  - Libcurl will NOT use HTTP proxy
LogInit:  - bDontReuseConnections = false  - Libcurl will reuse connections
LogInit:  - CertBundlePath = nullptr  - Libcurl will use whatever was configured at build time.
LogInit: Build: ++UE4+Release-4.17-CL-3586342
LogInit: Engine Version: 4.17.1-3586342+++UE4+Release-4.17
LogInit: Compatible Engine Version: 4.17.0-3573198+++UE4+Release-4.17
LogInit: Net CL: 3573198
LogDevObjectVersion: Number of dev versions registered: 16
LogDevObjectVersion:   Dev-Blueprints (B0D832E4-1F89-4F0D-ACCF-7EB736FD4AA2): 10
LogDevObjectVersion:   Dev-Build (E1C64328-A22C-4D53-A36C-8E866417BD8C): 0
LogDevObjectVersion:   Dev-Core (375EC13C-06E4-48FB-B500-84F0262A717E): 2
LogDevObjectVersion:   Dev-Editor (E4B068ED-F494-42E9-A231-DA0B2E46BB41): 20
LogDevObjectVersion:   Dev-Framework (CFFC743F-43B0-4480-9391-14DF171D2073): 28
LogDevObjectVersion:   Dev-Mobile (B02B49B5-BB20-44E9-A304-32B752E40360): 0
LogDevObjectVersion:   Dev-Networking (A4E4105C-59A1-49B5-A7C5-40C4547EDFEE): 0
LogDevObjectVersion:   Dev-Online (39C831C9-5AE6-47DC-9A44-9C173E1C8E7C): 0
LogDevObjectVersion:   Dev-Physics (78F01B33-EBEA-4F98-B9B4-84EACCB95AA2): 0
LogDevObjectVersion:   Dev-Platform (6631380F-2D4D-43E0-8009-CF276956A95A): 0
LogDevObjectVersion:   Dev-Rendering (12F88B9F-8875-4AFC-A67C-D90C383ABD29): 19
LogDevObjectVersion:   Dev-Sequencer (7B5AE74C-D270-4C10-A958-57980B212A5A): 4
LogDevObjectVersion:   Dev-VR (D7296918-1DD6-4BDD-9DE2-64A83CC13884): 0
LogDevObjectVersion:   Dev-LoadTimes (C2A15278-BFE7-4AFE-6C17-90FF531DF755): 1
LogDevObjectVersion:   Private-Geometry (6EACA3D4-40EC-4CC1-B786-8BED09428FC5): 1
LogDevObjectVersion:   Dev-AnimPhys (29E575DD-E0A3-4627-9D10-D276232CDCEA): 7
LogInit: Compiled (64-bit): Aug 15 2017 02:05:26
LogInit: Compiled with Visual C++: 19.00.24215.01
LogInit: Build Configuration: Development
LogInit: Branch Name: ++UE4+Release-4.17
LogInit: Command line:  
LogInit: Base directory: C:/Program Files/Epic Games/UE_4.17/Engine/Binaries/Win64/
LogInit: Installed Engine Build: 1
LogInit: Presizing for max 8388607 objects, including 0 objects not considered by GC, pre-allocating 0 bytes for permanent pool.
LogInit: Object subsystem initialized
[2017.09.17-18.13.30:141][  0]LogInit: Selected Device Profile: [Windows]
[2017.09.17-18.13.30:141][  0]LogInit: Applying CVar settings loaded from the selected device profile: [Windows]
[2017.09.17-18.13.30:158][  0]LogInit: Computer: DESKTOP-G1FM37K
[2017.09.17-18.13.30:158][  0]LogInit: User: JonathanOates
[2017.09.17-18.13.30:158][  0]LogInit: CPU Page size=4096, Cores=4
[2017.09.17-18.13.30:158][  0]LogInit: High frequency timer resolution =4.311337 MHz
[2017.09.17-18.13.30:159][  0]LogMemory: Memory total: Physical=31.9GB (32GB approx)
[2017.09.17-18.13.30:159][  0]LogMemory: Platform Memory Stats for Windows
[2017.09.17-18.13.30:159][  0]LogMemory: Process Physical Memory: 279.88 MB used, 279.88 MB peak
[2017.09.17-18.13.30:159][  0]LogMemory: Process Virtual Memory: 274.64 MB used, 274.64 MB peak
[2017.09.17-18.13.30:159][  0]LogMemory: Physical Memory: 5559.10 MB used,  27105.50 MB free, 32664.60 MB total
[2017.09.17-18.13.30:159][  0]LogMemory: Virtual Memory: 655.02 MB used,  27105.50 MB free, 134217728.00 MB total
[2017.09.17-18.13.30:531][  0]LogInit: Using OS detected language (en-US).
[2017.09.17-18.13.30:531][  0]LogInit: Using OS detected locale (en-US).
[2017.09.17-18.13.30:537][  0]LogTextLocalizationManager: No specific localization for 'en-US' exists, so the 'en' localization will be used.
[2017.09.17-18.13.31:519][  0]LogD3D11RHI: D3D11 adapters:
[2017.09.17-18.13.31:555][  0]LogD3D11RHI:    0. 'NVIDIA GeForce GTX 1080' (Feature Level 11_0)
[2017.09.17-18.13.31:555][  0]LogD3D11RHI:       8144/0/16332 MB DedicatedVideo/DedicatedSystem/SharedSystem, Outputs:2, VendorId:0x10de
[2017.09.17-18.13.31:557][  0]LogD3D11RHI:    1. 'Microsoft Basic Render Driver' (Feature Level 11_0)
[2017.09.17-18.13.31:557][  0]LogD3D11RHI:       0/0/16332 MB DedicatedVideo/DedicatedSystem/SharedSystem, Outputs:0, VendorId:0x1414
[2017.09.17-18.13.31:557][  0]LogD3D11RHI: Chosen D3D11 Adapter: 0
[2017.09.17-18.13.31:563][  0]LogD3D11RHI: Creating new Direct3DDevice
[2017.09.17-18.13.31:563][  0]LogD3D11RHI:     GPU DeviceId: 0x1b80 (for the marketing name, search the web for "GPU Device Id")
[2017.09.17-18.13.31:563][  0]LogWindows: EnumDisplayDevices:
[2017.09.17-18.13.31:564][  0]LogWindows:    0. 'NVIDIA GeForce GTX 1080' (P:1 D:1)
[2017.09.17-18.13.31:564][  0]LogWindows:    1. 'NVIDIA GeForce GTX 1080' (P:0 D:1)
[2017.09.17-18.13.31:564][  0]LogWindows:    2. 'NVIDIA GeForce GTX 1080' (P:0 D:0)
[2017.09.17-18.13.31:565][  0]LogWindows:    3. 'NVIDIA GeForce GTX 1080' (P:0 D:0)
[2017.09.17-18.13.31:565][  0]LogWindows: DebugString: FoundDriverCount:4 
[2017.09.17-18.13.31:565][  0]LogD3D11RHI:     Adapter Name: NVIDIA GeForce GTX 1080
[2017.09.17-18.13.31:565][  0]LogD3D11RHI:   Driver Version: 376.53 (internal:21.21.13.7653, unified:376.53)
[2017.09.17-18.13.31:565][  0]LogD3D11RHI:      Driver Date: 12-29-2016
[2017.09.17-18.13.31:565][  0]LogRHI: Texture pool is 1361 MB (70% of 1945 MB)
[2017.09.17-18.13.31:586][  0]LogD3D11RHI: Async texture creation enabled
[2017.09.17-18.13.31:598][  0]LogD3D11RHI: GPU Timing Frequency: 1000.000000 (Debug: 2 1)
[2017.09.17-18.13.31:699][  0]LogShaderCompilers: Guid format shader working directory is -30 characters bigger than the processId version (../../../../../../Users/Jonathan Oates/Desktop/ExperimentalGame_1/PandaMeals_project/Intermediate/Shaders/WorkingDirectory/10036/).
[2017.09.17-18.13.31:699][  0]LogShaderCompilers: Cleaned the shader compiler working directory 'C:/Users/Jonathan Oates/AppData/Local/Temp/UnrealShaderWorkingDir/FCE4C89045696AD5A7A3E182144D5B96/'.
[2017.09.17-18.13.31:699][  0]LogShaderCompilers: Display: Using Local Shader Compiler.
[2017.09.17-18.13.33:106][  0]LogTemp: Display: Loaded TP AllDesktopTargetPlatform
[2017.09.17-18.13.33:221][  0]LogTemp: Display: Loaded TP MacClientTargetPlatform
[2017.09.17-18.13.33:343][  0]LogTemp: Display: Loaded TP MacNoEditorTargetPlatform
[2017.09.17-18.13.33:467][  0]LogTemp: Display: Loaded TP MacServerTargetPlatform
[2017.09.17-18.13.33:584][  0]LogTemp: Display: Loaded TP MacTargetPlatform
[2017.09.17-18.13.33:699][  0]LogTemp: Display: Loaded TP WindowsClientTargetPlatform
[2017.09.17-18.13.33:816][  0]LogTemp: Display: Loaded TP WindowsNoEditorTargetPlatform
[2017.09.17-18.13.33:939][  0]LogTemp: Display: Loaded TP WindowsServerTargetPlatform
[2017.09.17-18.13.34:044][  0]LogTemp: Display: Loaded TP WindowsTargetPlatform
[2017.09.17-18.13.34:159][  0]LogTemp: Display: Loaded TP AndroidTargetPlatform
[2017.09.17-18.13.34:277][  0]LogTemp: Display: Loaded TP Android_ASTCTargetPlatform
[2017.09.17-18.13.34:390][  0]LogTemp: Display: Loaded TP Android_ATCTargetPlatform
[2017.09.17-18.13.34:518][  0]LogTemp: Display: Loaded TP Android_DXTTargetPlatform
[2017.09.17-18.13.34:636][  0]LogTemp: Display: Loaded TP Android_ETC1TargetPlatform
[2017.09.17-18.13.34:748][  0]LogTemp: Display: Loaded TP Android_ETC2TargetPlatform
[2017.09.17-18.13.34:978][  0]LogTemp: Display: Loaded TP Android_MultiTargetPlatform
[2017.09.17-18.13.34:978][  0]LogTemp: Display: Loaded TP Android_PVRTCTargetPlatform
[2017.09.17-18.13.35:076][  0]LogTemp: Display: Loaded TP HTML5TargetPlatform
[2017.09.17-18.13.35:259][  0]LogTemp: Display: Loaded TP IOSTargetPlatform
[2017.09.17-18.13.35:318][  0]LogTemp: Display: Loaded TP TVOSTargetPlatform
[2017.09.17-18.13.35:433][  0]LogTemp: Display: Loaded TP LinuxClientTargetPlatform
[2017.09.17-18.13.35:546][  0]LogTemp: Display: Loaded TP LinuxNoEditorTargetPlatform
[2017.09.17-18.13.35:660][  0]LogTemp: Display: Loaded TP LinuxServerTargetPlatform
[2017.09.17-18.13.35:775][  0]LogTemp: Display: Loaded TP LinuxTargetPlatform
[2017.09.17-18.13.35:775][  0]LogTargetPlatformManager: Display: Building Assets For Windows
[2017.09.17-18.13.36:860][  0]LogDerivedDataCache: Display: Max Cache Size: 512 MB
[2017.09.17-18.13.37:006][  0]LogDerivedDataCache: Loaded boot cache 0.15s 93MB C:/Users/Jonathan Oates/AppData/Local/UnrealEngine/4.17/DerivedDataCache/Boot.ddc.
[2017.09.17-18.13.37:006][  0]LogDerivedDataCache: Display: Loaded Boot cache: C:/Users/Jonathan Oates/AppData/Local/UnrealEngine/4.17/DerivedDataCache/Boot.ddc
[2017.09.17-18.13.37:006][  0]LogDerivedDataCache: FDerivedDataBackendGraph:  Pak pak cache file ../../../../../../Users/Jonathan Oates/Desktop/ExperimentalGame_1/PandaMeals_project/DerivedDataCache/DDC.ddp not found, will not use a pak cache.
[2017.09.17-18.13.37:006][  0]LogDerivedDataCache: Unable to find inner node Pak for hierarchical cache Hierarchy.
[2017.09.17-18.13.37:006][  0]LogDerivedDataCache: FDerivedDataBackendGraph:  CompressedPak pak cache file ../../../../../../Users/Jonathan Oates/Desktop/ExperimentalGame_1/PandaMeals_project/DerivedDataCache/Compressed.ddp not found, will not use a pak cache.
[2017.09.17-18.13.37:006][  0]LogDerivedDataCache: Unable to find inner node CompressedPak for hierarchical cache Hierarchy.
[2017.09.17-18.13.37:028][  0]LogDerivedDataCache: Display: Pak cache opened for reading ../../../Engine/DerivedDataCache/Compressed.ddp.
[2017.09.17-18.13.37:041][  0]LogDerivedDataCache: Using Local data cache path C:/Users/Jonathan Oates/AppData/Local/UnrealEngine/Common/DerivedDataCache: Writable
[2017.09.17-18.13.37:057][  0]LogMaterial: Verifying Global Shaders for PCD3D_SM5
[2017.09.17-18.13.37:058][  0]LogSlate: Using Freetype 2.6.0
[2017.09.17-18.13.37:059][  0]LogSlate: SlateFontCache - WITH_FREETYPE: 1, WITH_HARFBUZZ: 1
[2017.09.17-18.13.37:059][  0]LogSlate: SlateFontCache - WITH_FREETYPE: 1, WITH_HARFBUZZ: 1
[2017.09.17-18.13.37:491][  0]LogAssetRegistry: FAssetRegistry took 0.0280 seconds to start up
[2017.09.17-18.13.37:714][  0]LogInit: Selected Device Profile: [Windows]
[2017.09.17-18.13.37:978][  0]LogContentStreaming: Texture pool size is 0.00 MB
[2017.09.17-18.13.38:685][  0]LogSimplygon: Simplygon DLL not present - disabling.
[2017.09.17-18.13.38:804][  0]LogMeshReduction: Using SimplygonSwarm for distributed automatic mesh merging
[2017.09.17-18.13.38:805][  0]LogMeshReduction: Using QuadricMeshReduction for automatic static mesh reduction
[2017.09.17-18.13.38:805][  0]LogMeshReduction: No automatic skeletal mesh reduction module available
[2017.09.17-18.13.38:805][  0]LogMeshReduction: No automatic mesh merging module available
[2017.09.17-18.13.38:805][  0]LogMeshMerging: No automatic mesh merging module available
[2017.09.17-18.13.39:363][  0]LogNetVersion: PandaMeals_project , NetCL: 3573198, EngineNetVer: 2, GameNetVer: 0 (Checksum: 2743602601)
[2017.09.17-18.13.39:806][  0]LogPackageLocalizationCache: Processed 5 localized package path(s) for 2 prioritized culture(s) in 0.109463 seconds
[2017.09.17-18.13.39:816][  0]LogUObjectArray: 35825 objects as part of root set at end of initial load.
[2017.09.17-18.13.39:816][  0]LogUObjectAllocator: 7529112 out of 0 bytes used by permanent object pool.
[2017.09.17-18.13.39:816][  0]LogUObjectArray: CloseDisregardForGC: 0/0 objects in disregard for GC pool
[2017.09.17-18.13.39:991][  0]LogInit: WinSock: version 1.1 (2.2), MaxSocks=32767, MaxUdp=65467
[2017.09.17-18.13.45:480][  0]LogTcpMessaging: Initializing TcpMessaging bridge
[2017.09.17-18.13.45:561][  0]LogUdpMessaging: Initializing bridge on interface 0.0.0.0:0 to multicast group 230.0.0.1:6666.
[2017.09.17-18.13.46:982][  0]LogMaterial: Uniform references updated for custom material expression Custom.
[2017.09.17-18.13.47:856][  0]SourceControl: Source control is disabled
[2017.09.17-18.13.47:856][  0]SourceControl: Source control is disabled
[2017.09.17-18.13.47:971][  0]SourceControl: Source control is disabled
[2017.09.17-18.13.48:084][  0]SourceControl: Source control is disabled
[2017.09.17-18.13.49:512][  0]LogAndroidPermission: UAndroidPermissionCallbackProxy::GetInstance
[2017.09.17-18.13.50:118][  0]LogOcInput: OculusInput pre-init called
[2017.09.17-18.13.50:670][  0]LogEngine: Initializing Engine...
[2017.09.17-18.13.50:708][  0]LogHMD: Failed to initialize OpenVR with code 126
[2017.09.17-18.13.51:016][  0]LogStats: UGameplayTagsManager::ConstructGameplayTagTree: Construct from data asset -  0.000 s
[2017.09.17-18.13.51:016][  0]LogStats: UGameplayTagsManager::ConstructGameplayTagTree: GameplayTagTreeChangedEvent.Broadcast -  0.000 s
[2017.09.17-18.13.51:334][  0]LogAIModule: Creating AISystem for world Untitled
[2017.09.17-18.13.51:403][  0]LogInit: XAudio2 using 'Speakers (2- High Definition Audio Device)' : 2 channels at 44.1 kHz using 16 bits per sample (channel mask 0x3)
[2017.09.17-18.13.51:430][  0]LogInit: FAudioDevice initialized.
[2017.09.17-18.13.51:596][  0]LogDerivedDataCache: Saved boot cache 0.17s 93MB C:/Users/Jonathan Oates/AppData/Local/UnrealEngine/4.17/DerivedDataCache/Boot.ddc.
[2017.09.17-18.13.51:623][  0]LogInit: Texture streaming: Enabled
[2017.09.17-18.13.51:885][  0]LogEngineSessionManager: EngineSessionManager initialized
[2017.09.17-18.13.52:411][  0]LogInit: Transaction tracking system initialized
[2017.09.17-18.13.53:182][  0]BlueprintLog: New page: Editor Load
[2017.09.17-18.13.55:328][  0]LocalizationService: Localization service is disabled
[2017.09.17-18.13.57:015][  0]LogConsoleResponse: Display: 
[2017.09.17-18.13.57:308][  0]LogCook: Display: Max memory allowance for cook 16384mb min free memory 0mb
[2017.09.17-18.13.57:308][  0]LogCook: Display: Mobile HDR setting 1
[2017.09.17-18.13.57:308][  0]LogGameplayTags: Display: UGameplayTagsManager::DoneAddingNativeTags. DelegateIsBound: 0
[2017.09.17-18.13.57:686][  0]LogFileCache: Scanning file cache for directory 'C:/Users/Jonathan Oates/Desktop/ExperimentalGame_1/PandaMeals_project/Content/' took 0.01s
[2017.09.17-18.13.59:873][  0]SourceControl: Source control is disabled
[2017.09.17-18.13.59:873][  0]Cmd: MAP LOAD FILE="../../../Engine/Content/Maps/Templates/Template_Default.umap" TEMPLATE=1 SHOWPROGRESS=1 FEATURELEVEL=3
[2017.09.17-18.13.59:874][  0]LightingResults: New page: Lighting Build
[2017.09.17-18.13.59:986][  0]MapCheck: New page: Map Check
[2017.09.17-18.13.59:986][  0]LightingResults: New page: Lighting Build
[2017.09.17-18.14.00:272][  0]LogAIModule: Creating AISystem for world Untitled_1
[2017.09.17-18.14.00:280][  0]LogEditorServer: Finished looking for orphan Actors (0.000 secs)
[2017.09.17-18.14.00:326][  0]Cmd: MAP CHECKDEP NOCLEARLOG
[2017.09.17-18.14.00:498][  0]MapCheck: Map check complete: 0 Error(s), 0 Warning(s), took 171.92ms to complete.
[2017.09.17-18.14.00:498][  0]LogFileHelpers: Loading map 'Template_Default' took 0.625
[2017.09.17-18.14.00:570][  0]LogWindowsTextInputMethodSystem: Display: IME system now deactivated.
[2017.09.17-18.14.00:570][  0]LogWindowsTextInputMethodSystem: Display: IME system now deactivated.
[2017.09.17-18.14.00:706][  0]LogCollectionManager: Loaded 0 collections in 0.003233 seconds
[2017.09.17-18.14.00:867][  0]LogFileCache: Scanning file cache for directory 'C:/Users/Jonathan Oates/Desktop/ExperimentalGame_1/PandaMeals_project/Saved/Collections/' took 0.01s
[2017.09.17-18.14.00:867][  0]LogFileCache: Scanning file cache for directory 'C:/Users/Jonathan Oates/Desktop/ExperimentalGame_1/PandaMeals_project/Content/Developers/JonathanOates/Collections/' took 0.01s
[2017.09.17-18.14.00:867][  0]LogFileCache: Scanning file cache for directory 'C:/Users/Jonathan Oates/Desktop/ExperimentalGame_1/PandaMeals_project/Content/Collections/' took 0.01s
[2017.09.17-18.14.00:867][  0]LogCollectionManager: Rebuilt the GUID cache for 0 collections in 0.000000 seconds
[2017.09.17-18.14.00:881][  0]LogContentBrowser: Native class hierarchy populated in 0.0143 seconds. Added 2386 classes and 500 folders.
[2017.09.17-18.14.01:039][  0]LogContentBrowser: Native class hierarchy updated for 'WidgetCarousel' in 0.0008 seconds. Added 0 classes and 0 folders.
[2017.09.17-18.14.01:131][  0]LogContentBrowser: Native class hierarchy updated for 'AddContentDialog' in 0.0008 seconds. Added 0 classes and 0 folders.
[2017.09.17-18.14.01:238][  0]LogContentBrowser: Native class hierarchy updated for 'SceneOutliner' in 0.0008 seconds. Added 1 classes and 2 folders.
[2017.09.17-18.14.01:266][  0]LogSlate: Took 0.000540 seconds to synchronously load lazily loaded font '../../../Engine/Content/Slate/Fonts/Roboto-Regular.ttf' (155K)
[2017.09.17-18.14.01:269][  0]LogSlate: Took 0.000515 seconds to synchronously load lazily loaded font '../../../Engine/Content/Slate/Fonts/Roboto-Bold.ttf' (160K)
[2017.09.17-18.14.01:276][  0]LogSlate: Took 0.000450 seconds to synchronously load lazily loaded font '../../../Engine/Content/Editor/Slate/Fonts/FontAwesome.ttf' (139K)
[2017.09.17-18.14.01:448][  0]LogRenderer: Reallocating scene render targets to support 1208x652 Format 10 NumSamples 1 (Frame:1).
[2017.09.17-18.14.01:698][  0]LogContentBrowser: Native class hierarchy updated for 'HierarchicalLODOutliner' in 0.0010 seconds. Added 1 classes and 2 folders.
[2017.09.17-18.14.01:698][  0]LogLoad: (Engine Initialization) Total time: 34.72 seconds
[2017.09.17-18.14.01:698][  0]LogLoad: (Engine Initialization) Total Blueprint compile time: 0.00 seconds
[2017.09.17-18.14.01:698][  0]LogExternalProfiler: Found external profiler: VSPerf
[2017.09.17-18.14.01:698][  0]LogExternalProfiler: Using external profiler: VSPerf
[2017.09.17-18.14.01:728][  0]LogContentStreaming: Texture pool size now 1000 MB
[2017.09.17-18.14.01:793][  1]LogAssetRegistry: Asset discovery search completed in 24.3240 seconds
[2017.09.17-18.14.01:795][  1]LogCollectionManager: Rebuilt the object cache for 0 collections in 0.000000 seconds (found 0 objects)
[2017.09.17-18.14.01:796][  1]LogCollectionManager: Fixed up redirectors for 0 collections in 0.000064 seconds (updated 0 objects)
[2017.09.17-18.14.02:738][107]LogSlate: Took 0.000447 seconds to synchronously load lazily loaded font '../../../Engine/Content/Slate/Fonts/Roboto-Light.ttf' (159K)
[2017.09.17-18.14.05:778][462]LogSlate: Took 0.000317 seconds to synchronously load lazily loaded font '../../../Engine/Content/Slate/Fonts/Roboto-Light.ttf' (159K)
[2017.09.17-18.14.07:773][659]LogSlate: Took 0.000315 seconds to synchronously load lazily loaded font '../../../Engine/Content/Slate/Fonts/Roboto-Light.ttf' (159K)
[2017.09.17-18.14.08:371][659]LogContentBrowser: Native class hierarchy updated for 'BlueprintGraph' in 0.0015 seconds. Added 113 classes and 0 folders.
[2017.09.17-18.14.11:066][659]LogSlate: Took 0.000504 seconds to synchronously load lazily loaded font '../../../Engine/Content/Editor/Slate/Fonts/Roboto-BoldCondensed.ttf' (158K)
[2017.09.17-18.14.11:186][660]LogSlate: Took 0.000436 seconds to synchronously load lazily loaded font '../../../Engine/Content/Editor/Slate/Fonts/Roboto-Italic.ttf' (157K)
[2017.09.17-18.14.21:968][804]LogAIModule: Creating AISystem for world Shop_Map
[2017.09.17-18.14.22:031][804]Cmd: MAP LOAD FILE="../../../../../../Users/Jonathan Oates/Desktop/ExperimentalGame_1/PandaMeals_project/Content/Maps/Shop_Map.umap" TEMPLATE=0 SHOWPROGRESS=1 FEATURELEVEL=3
[2017.09.17-18.14.22:031][804]LightingResults: New page: Lighting Build
[2017.09.17-18.14.22:032][804]LoadErrors: New page: Loading map: Shop_Map.umap
[2017.09.17-18.14.22:032][804]MapCheck: New page: Map Check
[2017.09.17-18.14.22:032][804]LightingResults: New page: Lighting Build
[2017.09.17-18.14.22:083][804]LogEditorServer: Finished looking for orphan Actors (0.000 secs)
[2017.09.17-18.14.22:162][804]Cmd: MAP CHECKDEP NOCLEARLOG
[2017.09.17-18.14.22:340][804]MapCheck: Map check complete: 0 Error(s), 0 Warning(s), took 177.192ms to complete.
[2017.09.17-18.14.22:341][804]LogFileHelpers: Loading map 'Shop_Map' took 0.312
[2017.09.17-18.14.59:519][203]LogRenderer: Reallocating scene render targets to support 1576x1020 Format 10 NumSamples 1 (Frame:1).
[2017.09.17-18.15.25:328][125]BlueprintLog: New page: Compile PetriDish
[2017.09.17-18.15.39:386][594]BlueprintLog: New page: Compile PetriDish
[2017.09.17-18.15.41:923][789]LogEditorViewport: Clicking on Actor (LMB): PlayScreen_Shop_C (PlayScreen_Shop)
[2017.09.17-18.15.42:985][890]LogTemp: Repeating last play command: Simulate
[2017.09.17-18.15.43:076][890]LogPlayLevel: PlayLevel: No blueprints needed recompiling
[2017.09.17-18.15.43:076][890]PIE: New page: SIE session: Shop_Map (Sep 17, 2017, 10:15:43 AM)
[2017.09.17-18.15.43:076][890]LogPlayLevel: Creating play world package: /Game/Maps/UEDPIE_0_Shop_Map
[2017.09.17-18.15.43:079][890]LogPlayLevel: PIE: StaticDuplicateObject took: (0.002832s)
[2017.09.17-18.15.43:080][890]LogAIModule: Creating AISystem for world Shop_Map
[2017.09.17-18.15.43:080][890]LogPlayLevel: PIE: World Init took: (0.000975s)
[2017.09.17-18.15.43:081][890]LogPlayLevel: PIE: Created PIE world by copying editor world from /Game/Maps/Shop_Map.Shop_Map to /Game/Maps/UEDPIE_0_Shop_Map.Shop_Map (0.004119s)
[2017.09.17-18.15.43:186][890]LogInit: XAudio2 using 'Speakers (2- High Definition Audio Device)' : 2 channels at 44.1 kHz using 16 bits per sample (channel mask 0x3)
[2017.09.17-18.15.43:201][890]LogInit: FAudioDevice initialized.
[2017.09.17-18.15.43:247][890]LogLoad: Game class is 'GameModeBase'
[2017.09.17-18.15.43:250][890]LogWorld: Bringing World /Game/Maps/UEDPIE_0_Shop_Map.Shop_Map up for play (max tick rate 0) at 2017.09.17-14.15.43
[2017.09.17-18.15.43:251][890]LogWorld: Bringing up level for play took: 0.001381
[2017.09.17-18.15.43:251][890]LogGameMode: FindPlayerStart: PATHS NOT DEFINED or NO PLAYERSTART with positive rating
[2017.09.17-18.15.43:359][890]LogContentBrowser: Native class hierarchy updated for 'MovieSceneCapture' in 0.0010 seconds. Added 11 classes and 0 folders.
[2017.09.17-18.15.43:367][890]PIE: Play in editor start time for /Game/Maps/UEDPIE_0_Shop_Map 0.466
[2017.09.17-18.15.44:970][ 30]LogEditorViewport: Clicking on Actor (LMB): PetriDish_C (PetriDish)
[2017.09.17-18.15.45:622][ 65]LogEditorViewport: Clicking on Actor (LMB): PlayScreen_Shop_C (PlayScreen_Shop)
[2017.09.17-18.15.49:026][377]LogPlayLevel: PlayLevel: No blueprints needed recompiling
[2017.09.17-18.15.49:026][377]PIE: New page: PIE session: Shop_Map (Sep 17, 2017, 10:15:49 AM)
[2017.09.17-18.15.49:026][377]LogPlayLevel: Creating play world package: /Game/Maps/UEDPIE_0_Shop_Map
[2017.09.17-18.15.49:028][377]LogPlayLevel: PIE: StaticDuplicateObject took: (0.002458s)
[2017.09.17-18.15.49:029][377]LogAIModule: Creating AISystem for world Shop_Map
[2017.09.17-18.15.49:030][377]LogPlayLevel: PIE: World Init took: (0.001064s)
[2017.09.17-18.15.49:030][377]LogPlayLevel: PIE: Created PIE world by copying editor world from /Game/Maps/Shop_Map.Shop_Map to /Game/Maps/UEDPIE_0_Shop_Map.Shop_Map (0.003832s)
[2017.09.17-18.15.49:138][377]LogInit: XAudio2 using 'Speakers (2- High Definition Audio Device)' : 2 channels at 44.1 kHz using 16 bits per sample (channel mask 0x3)
[2017.09.17-18.15.49:154][377]LogInit: FAudioDevice initialized.
[2017.09.17-18.15.49:192][377]LogLoad: Game class is 'GameModeBase'
[2017.09.17-18.15.49:194][377]LogWorld: Bringing World /Game/Maps/UEDPIE_0_Shop_Map.Shop_Map up for play (max tick rate 0) at 2017.09.17-14.15.49
[2017.09.17-18.15.49:194][377]LogWorld: Bringing up level for play took: 0.001193
[2017.09.17-18.15.49:201][377]PIE: Play in editor start time for /Game/Maps/UEDPIE_0_Shop_Map 0.3
[2017.09.17-18.15.52:158][693]LogTemp: Repeating last play command: Selected Viewport
[2017.09.17-18.15.52:187][693]LogPlayLevel: PlayLevel: No blueprints needed recompiling
[2017.09.17-18.15.52:187][693]PIE: New page: PIE session: Shop_Map (Sep 17, 2017, 10:15:52 AM)
[2017.09.17-18.15.52:187][693]LogPlayLevel: Creating play world package: /Game/Maps/UEDPIE_0_Shop_Map
[2017.09.17-18.15.52:190][693]LogPlayLevel: PIE: StaticDuplicateObject took: (0.003194s)
[2017.09.17-18.15.52:191][693]LogAIModule: Creating AISystem for world Shop_Map
[2017.09.17-18.15.52:192][693]LogPlayLevel: PIE: World Init took: (0.001131s)
[2017.09.17-18.15.52:192][693]LogPlayLevel: PIE: Created PIE world by copying editor world from /Game/Maps/Shop_Map.Shop_Map to /Game/Maps/UEDPIE_0_Shop_Map.Shop_Map (0.004694s)
[2017.09.17-18.15.52:301][693]LogInit: XAudio2 using 'Speakers (2- High Definition Audio Device)' : 2 channels at 44.1 kHz using 16 bits per sample (channel mask 0x3)
[2017.09.17-18.15.52:316][693]LogInit: FAudioDevice initialized.
[2017.09.17-18.15.52:357][693]LogLoad: Game class is 'GameModeBase'
[2017.09.17-18.15.52:359][693]LogWorld: Bringing World /Game/Maps/UEDPIE_0_Shop_Map.Shop_Map up for play (max tick rate 0) at 2017.09.17-14.15.52
[2017.09.17-18.15.52:359][693]LogWorld: Bringing up level for play took: 0.001255
[2017.09.17-18.15.52:365][693]PIE: Play in editor start time for /Game/Maps/UEDPIE_0_Shop_Map -0.536
[2017.09.17-18.15.59:488][512]LogEditorViewport: Clicking on Actor (LMB): BP_Sky_Sphere_C (Sky Sphere)
[2017.09.17-18.17.23:648][377]BlueprintLog: New page: Compile PlayScreen_Shop
[2017.09.17-18.17.57:221][357]LogEditorViewport: Clicking on Actor (LMB): BP_Sky_Sphere_C (Sky Sphere)
[2017.09.17-18.17.58:808][483]LogEditorViewport: Clicking on Actor (LMB): BP_Sky_Sphere_C (Sky Sphere)
[2017.09.17-18.17.59:363][513]LogEditorViewport: Clicking on Actor (LMB): PlayScreen_Shop_C (PlayScreen_Shop)
[2017.09.17-18.18.00:199][592]LogEditorViewport: Clicking on Actor (LMB): BP_Sky_Sphere_C (Sky Sphere)
[2017.09.17-18.18.02:337][785]LogEditorViewport: Clicking on Actor (LMB): BP_Sky_Sphere_C (Sky Sphere)
[2017.09.17-18.18.39:288][363]LogEditorViewport: Clicking on Actor (LMB): PlayScreen_Shop_C (PlayScreen_Shop)
[2017.09.17-18.18.47:710][188]LogEditorViewport: Clicking on Actor (LMB): Player_Pawn_C (Player_Pawn)
[2017.09.17-18.18.59:200][260]LogEditorViewport: Clicking on Actor (LMB): BP_Sky_Sphere_C (Sky Sphere)
[2017.09.17-18.18.59:789][310]LogEditorViewport: Clicking on Actor (LMB): Player_Pawn_C (Player_Pawn)
[2017.09.17-18.19.11:200][356]LogTemp: Repeating last play command: Selected Viewport
[2017.09.17-18.19.11:231][356]BlueprintLog: New page: Pre-Play auto-recompile
[2017.09.17-18.19.11:233][356]LogPlayLevel: [PlayLevel] Compiling Player_Pawn before play...
[2017.09.17-18.19.11:668][356]LogPlayLevel: PlayLevel: Blueprint regeneration took 436 ms (1 blueprints)
[2017.09.17-18.19.11:668][356]PIE: New page: PIE session: Shop_Map (Sep 17, 2017, 10:19:11 AM)
[2017.09.17-18.19.11:668][356]LogPlayLevel: Creating play world package: /Game/Maps/UEDPIE_0_Shop_Map
[2017.09.17-18.19.11:671][356]LogPlayLevel: PIE: StaticDuplicateObject took: (0.003103s)
[2017.09.17-18.19.11:672][356]LogAIModule: Creating AISystem for world Shop_Map
[2017.09.17-18.19.11:672][356]LogPlayLevel: PIE: World Init took: (0.001424s)
[2017.09.17-18.19.11:673][356]LogPlayLevel: PIE: Created PIE world by copying editor world from /Game/Maps/Shop_Map.Shop_Map to /Game/Maps/UEDPIE_0_Shop_Map.Shop_Map (0.004806s)
[2017.09.17-18.19.11:813][356]LogInit: XAudio2 using 'Speakers (2- High Definition Audio Device)' : 2 channels at 44.1 kHz using 16 bits per sample (channel mask 0x3)
[2017.09.17-18.19.11:830][356]LogInit: FAudioDevice initialized.
[2017.09.17-18.19.11:863][356]LogLoad: Game class is 'GameModeBase'
[2017.09.17-18.19.11:865][356]LogWorld: Bringing World /Game/Maps/UEDPIE_0_Shop_Map.Shop_Map up for play (max tick rate 0) at 2017.09.17-14.19.11
[2017.09.17-18.19.11:876][356]LogWorld: Bringing up level for play took: 0.012528
[2017.09.17-18.19.11:884][356]PIE: Play in editor start time for /Game/Maps/UEDPIE_0_Shop_Map 0.982
[2017.09.17-18.19.26:054][679]LogSavePackage: Save=42.72ms
[2017.09.17-18.19.26:054][679]LogSavePackage: Moving '../../../../../../Users/Jonathan Oates/Desktop/ExperimentalGame_1/PandaMeals_project/Saved/Shop_Map6507EE414DBCF9AFE91496BEE3FC2D53.tmp' to '../../../../../../Users/Jonathan Oates/Desktop/ExperimentalGame_1/PandaMeals_project/Content/Maps/Shop_Map.umap'
[2017.09.17-18.19.26:064][679]LogSavePackage: Display: Finished SavePackage ../../../../../../Users/Jonathan Oates/Desktop/ExperimentalGame_1/PandaMeals_project/Content/Maps/Shop_Map.umap
[2017.09.17-18.19.26:859][743]LogTemp: Repeating last play command: Selected Viewport
[2017.09.17-18.19.26:887][743]LogPlayLevel: PlayLevel: No blueprints needed recompiling
[2017.09.17-18.19.26:888][743]PIE: New page: PIE session: Shop_Map (Sep 17, 2017, 10:19:26 AM)
[2017.09.17-18.19.26:888][743]LogPlayLevel: Creating play world package: /Game/Maps/UEDPIE_0_Shop_Map
[2017.09.17-18.19.26:891][743]LogPlayLevel: PIE: StaticDuplicateObject took: (0.002733s)
[2017.09.17-18.19.26:891][743]LogAIModule: Creating AISystem for world Shop_Map
[2017.09.17-18.19.26:892][743]LogPlayLevel: PIE: World Init took: (0.001301s)
[2017.09.17-18.19.26:892][743]LogPlayLevel: PIE: Created PIE world by copying editor world from /Game/Maps/Shop_Map.Shop_Map to /Game/Maps/UEDPIE_0_Shop_Map.Shop_Map (0.004378s)
[2017.09.17-18.19.27:066][743]LogInit: XAudio2 using 'Speakers (2- High Definition Audio Device)' : 2 channels at 44.1 kHz using 16 bits per sample (channel mask 0x3)
[2017.09.17-18.19.27:081][743]LogInit: FAudioDevice initialized.
[2017.09.17-18.19.27:117][743]LogLoad: Game class is 'GameModeBase'
[2017.09.17-18.19.27:119][743]LogWorld: Bringing World /Game/Maps/UEDPIE_0_Shop_Map.Shop_Map up for play (max tick rate 0) at 2017.09.17-14.19.27
[2017.09.17-18.19.27:119][743]LogWorld: Bringing up level for play took: 0.001318
[2017.09.17-18.19.27:126][743]PIE: Play in editor start time for /Game/Maps/UEDPIE_0_Shop_Map 0.224
[2017.09.17-18.19.37:251][889]LogEditorViewport: Clicking on Actor (LMB): PetriDish_C (PetriDish)
[2017.09.17-18.19.38:161][975]LogEditorViewport: Clicking on Actor (LMB): PlayScreen_Shop_C (PlayScreen_Shop)
[2017.09.17-18.19.41:545][271]LogEditorViewport: Clicking on Actor (LMB): Player_Pawn_C (Player_Pawn)
[2017.09.17-18.19.46:073][660]LogSlate: Warning: Prevented a slow task dialog from being summoned while a context menu was open
[2017.09.17-18.20.15:128][976]LogTemp: Executing iPhonePackager certificates Engine -bundlename com.YourCompany.PandaMealsproject
[2017.09.17-18.20.15:128][976]LogTemp: CWD: C:\Program Files\Epic Games\UE_4.17\Engine\Binaries\DotNET\IOS
[2017.09.17-18.20.15:128][976]LogTemp: Initial Dir: C:\Program Files\Epic Games\UE_4.17
[2017.09.17-18.20.15:128][976]LogTemp: Env CWD: C:\Program Files\Epic Games\UE_4.17\Engine\Binaries\DotNET\IOS
[2017.09.17-18.20.15:155][978]LogTemp: BranchPath = DESKTOP-G1FM37K/C/Program Files/Epic Games/UE_4.17/Engine/Binaries --- GameBranchPath = DESKTOP-G1FM37K/C/Program Files/Epic Games/UE_4.17/Engine/Binaries
[2017.09.17-18.20.15:239][984]LogTemp: IPP ERROR: Could not find provision directory 'C:\Users\Jonathan Oates\AppData\Local/Apple Computer/MobileDevice/Provisioning Profiles/'.
[2017.09.17-18.22.05:858][373]BlueprintLog: New page: Compile Player_Controller
[2017.09.17-18.22.06:720][437]LogSavePackage: Save=15.79ms
[2017.09.17-18.22.06:720][437]LogSavePackage: Moving '../../../../../../Users/Jonathan Oates/Desktop/ExperimentalGame_1/PandaMeals_project/Saved/Player_Controller2372C88E49D39EA03A8E1FA65D50FF19.tmp' to '../../../../../../Users/Jonathan Oates/Desktop/ExperimentalGame_1/PandaMeals_project/Content/Blueprints/Player_Controller.uasset'
[2017.09.17-18.22.06:729][437]LogSavePackage: Display: Finished SavePackage ../../../../../../Users/Jonathan Oates/Desktop/ExperimentalGame_1/PandaMeals_project/Content/Blueprints/Player_Controller.uasset
[2017.09.17-18.22.20:136][ 22]LogSlate: Warning: Prevented a slow task dialog from being summoned while a context menu was open
[2017.09.17-18.23.00:801][808]LogSlate: Warning: Prevented a slow task dialog from being summoned while a context menu was open
[2017.09.17-18.23.22:503][394]LogSavePackage: Save=15.63ms
[2017.09.17-18.23.22:503][394]LogSavePackage: Moving '../../../../../../Users/Jonathan Oates/Desktop/ExperimentalGame_1/PandaMeals_project/Saved/Shop_GameModeE88C9CA8458D5ECA6BD45096A6819EF7.tmp' to '../../../../../../Users/Jonathan Oates/Desktop/ExperimentalGame_1/PandaMeals_project/Content/Blueprints/Shop_GameMode.uasset'
[2017.09.17-18.23.22:513][394]LogSavePackage: Display: Finished SavePackage ../../../../../../Users/Jonathan Oates/Desktop/ExperimentalGame_1/PandaMeals_project/Content/Blueprints/Shop_GameMode.uasset
[2017.09.17-18.23.23:020][454]BlueprintLog: New page: Compile Shop_GameMode
[2017.09.17-18.23.30:711][144]LogSlate: Warning: Prevented a slow task dialog from being summoned while a context menu was open
[2017.09.17-18.23.36:726][697]LogSavePackage: Save=41.12ms
[2017.09.17-18.23.36:726][697]LogSavePackage: Moving '../../../../../../Users/Jonathan Oates/Desktop/ExperimentalGame_1/PandaMeals_project/Saved/Shop_Map6B6D2A954E4D358C70EF86A8C247CA5B.tmp' to '../../../../../../Users/Jonathan Oates/Desktop/ExperimentalGame_1/PandaMeals_project/Content/Maps/Shop_Map.umap'
[2017.09.17-18.23.36:736][697]LogSavePackage: Display: Finished SavePackage ../../../../../../Users/Jonathan Oates/Desktop/ExperimentalGame_1/PandaMeals_project/Content/Maps/Shop_Map.umap
[2017.09.17-18.23.37:753][785]LogTemp: Repeating last play command: Selected Viewport
[2017.09.17-18.23.37:785][785]LogPlayLevel: PlayLevel: No blueprints needed recompiling
[2017.09.17-18.23.37:786][785]PIE: New page: PIE session: Shop_Map (Sep 17, 2017, 10:23:37 AM)
[2017.09.17-18.23.37:786][785]LogPlayLevel: Creating play world package: /Game/Maps/UEDPIE_0_Shop_Map
[2017.09.17-18.23.37:788][785]LogPlayLevel: PIE: StaticDuplicateObject took: (0.002650s)
[2017.09.17-18.23.37:790][785]LogAIModule: Creating AISystem for world Shop_Map
[2017.09.17-18.23.37:790][785]LogPlayLevel: PIE: World Init took: (0.001304s)
[2017.09.17-18.23.37:790][785]LogPlayLevel: PIE: Created PIE world by copying editor world from /Game/Maps/Shop_Map.Shop_Map to /Game/Maps/UEDPIE_0_Shop_Map.Shop_Map (0.004246s)
[2017.09.17-18.23.37:928][785]LogInit: XAudio2 using 'Speakers (2- High Definition Audio Device)' : 2 channels at 44.1 kHz using 16 bits per sample (channel mask 0x3)
[2017.09.17-18.23.37:944][785]LogInit: FAudioDevice initialized.
[2017.09.17-18.23.37:981][785]LogLoad: Game class is 'Shop_GameMode_C'
[2017.09.17-18.23.37:983][785]LogWorld: Bringing World /Game/Maps/UEDPIE_0_Shop_Map.Shop_Map up for play (max tick rate 0) at 2017.09.17-14.23.37
[2017.09.17-18.23.37:983][785]LogWorld: Bringing up level for play took: 0.001194
[2017.09.17-18.23.37:990][785]PIE: Play in editor start time for /Game/Maps/UEDPIE_0_Shop_Map 1.088
[2017.09.17-18.23.51:719][933]LogActorComponent: UnregisterComponent: (/Engine/Transient.EditorFloorComp) Not registered. Aborting.
[2017.09.17-18.23.53:341][116]LogActorComponent: UnregisterComponent: (/Engine/Transient.EditorFloorComp) Not registered. Aborting.
[2017.09.17-18.26.55:279][954]LogEditorTransaction: Undo Delete current selection
[2017.09.17-18.27.41:964][ 36]BlueprintLog: New page: Compile PetriDish
[2017.09.17-18.28.04:968][975]BlueprintLog: New page: Compile PetriDish
[2017.09.17-18.28.05:044][975]LogBlueprint: Error: [Compiler PetriDish] The type of  Object  is undetermined.  Connect something to  Cast To PaperSpriteComponent  to imply a specific type.
[2017.09.17-18.28.05:063][975]LogBlueprint: Error: [Compiler PetriDish] The current value of the ' Object ' pin is invalid: Unsupported type Wildcard on pin Object
[2017.09.17-18.28.05:361][975]LogBlueprint: Warning: [Compiler PetriDish] [0878.38] Compile of PetriDish failed. 2 Fatal Issue(s) 0 Warning(s) [in 393 ms] (/Game/Blueprints/Objects/PetriDish.PetriDish)
[2017.09.17-18.28.10:220][535]BlueprintLog: New page: Compile PetriDish
[2017.09.17-18.28.12:657][743]LogTemp: Repeating last play command: Selected Viewport
[2017.09.17-18.28.12:689][743]LogPlayLevel: PlayLevel: No blueprints needed recompiling
[2017.09.17-18.28.12:689][743]PIE: New page: PIE session: Shop_Map (Sep 17, 2017, 10:28:12 AM)
[2017.09.17-18.28.12:689][743]LogPlayLevel: Creating play world package: /Game/Maps/UEDPIE_0_Shop_Map
[2017.09.17-18.28.12:692][743]LogPlayLevel: PIE: StaticDuplicateObject took: (0.002644s)
[2017.09.17-18.28.12:693][743]LogAIModule: Creating AISystem for world Shop_Map
[2017.09.17-18.28.12:694][743]LogPlayLevel: PIE: World Init took: (0.001548s)
[2017.09.17-18.28.12:694][743]LogPlayLevel: PIE: Created PIE world by copying editor world from /Game/Maps/Shop_Map.Shop_Map to /Game/Maps/UEDPIE_0_Shop_Map.Shop_Map (0.004556s)
[2017.09.17-18.28.12:823][743]LogInit: XAudio2 using 'Speakers (2- High Definition Audio Device)' : 2 channels at 44.1 kHz using 16 bits per sample (channel mask 0x3)
[2017.09.17-18.28.12:838][743]LogInit: FAudioDevice initialized.
[2017.09.17-18.28.12:872][743]LogLoad: Game class is 'Shop_GameMode_C'
[2017.09.17-18.28.12:874][743]LogWorld: Bringing World /Game/Maps/UEDPIE_0_Shop_Map.Shop_Map up for play (max tick rate 0) at 2017.09.17-14.28.12
[2017.09.17-18.28.12:875][743]LogWorld: Bringing up level for play took: 0.001355
[2017.09.17-18.28.12:881][743]PIE: Play in editor start time for /Game/Maps/UEDPIE_0_Shop_Map -0.02
[2017.09.17-18.28.29:978][257]BlueprintLog: New page: Compile PetriDish
[2017.09.17-18.28.31:537][367]LogTemp: Repeating last play command: Selected Viewport
[2017.09.17-18.28.31:566][367]LogPlayLevel: PlayLevel: No blueprints needed recompiling
[2017.09.17-18.28.31:566][367]PIE: New page: PIE session: Shop_Map (Sep 17, 2017, 10:28:31 AM)
[2017.09.17-18.28.31:566][367]LogPlayLevel: Creating play world package: /Game/Maps/UEDPIE_0_Shop_Map
[2017.09.17-18.28.31:569][367]LogPlayLevel: PIE: StaticDuplicateObject took: (0.002512s)
[2017.09.17-18.28.31:570][367]LogAIModule: Creating AISystem for world Shop_Map
[2017.09.17-18.28.31:570][367]LogPlayLevel: PIE: World Init took: (0.000959s)
[2017.09.17-18.28.31:570][367]LogPlayLevel: PIE: Created PIE world by copying editor world from /Game/Maps/Shop_Map.Shop_Map to /Game/Maps/UEDPIE_0_Shop_Map.Shop_Map (0.003765s)
[2017.09.17-18.28.31:700][367]LogInit: XAudio2 using 'Speakers (2- High Definition Audio Device)' : 2 channels at 44.1 kHz using 16 bits per sample (channel mask 0x3)
[2017.09.17-18.28.31:715][367]LogInit: FAudioDevice initialized.
[2017.09.17-18.28.31:791][367]LogLoad: Game class is 'Shop_GameMode_C'
[2017.09.17-18.28.31:793][367]LogWorld: Bringing World /Game/Maps/UEDPIE_0_Shop_Map.Shop_Map up for play (max tick rate 0) at 2017.09.17-14.28.31
[2017.09.17-18.28.31:794][367]LogWorld: Bringing up level for play took: 0.001323
[2017.09.17-18.28.31:794][367]LogGameMode: FindPlayerStart: PATHS NOT DEFINED or NO PLAYERSTART with positive rating
[2017.09.17-18.28.31:803][367]PIE: Play in editor start time for /Game/Maps/UEDPIE_0_Shop_Map 0.901
[2017.09.17-18.30.01:264][ 38]Set new viewmode: Wireframe
[2017.09.17-18.30.06:063][612]Set new viewmode: Unlit
[2017.09.17-18.30.06:630][680]Set new viewmode: Lit
[2017.09.17-18.30.07:572][792]Set new viewmode: Unlit
[2017.09.17-18.30.08:264][875]Set new viewmode: Lit
[2017.09.17-18.30.09:141][980]Set new viewmode: Lit_DetailLighting
[2017.09.17-18.30.09:925][ 74]Set new viewmode: Wireframe
[2017.09.17-18.30.10:819][181]Set new viewmode: Wireframe
[2017.09.17-18.30.11:694][286]Set new viewmode: Unlit
[2017.09.17-18.30.12:002][323]Set new viewmode: Lit
[2017.09.17-18.30.17:743][774]LogSavePackage: Save=48.81ms
[2017.09.17-18.30.17:743][774]LogSavePackage: Moving '../../../../../../Users/Jonathan Oates/Desktop/ExperimentalGame_1/PandaMeals_project/Saved/PetriDishA9B3FDF54E3B522EA369E9B6A9E938CF.tmp' to '../../../../../../Users/Jonathan Oates/Desktop/ExperimentalGame_1/PandaMeals_project/Content/Blueprints/Objects/PetriDish.uasset'
[2017.09.17-18.30.17:755][774]LogSavePackage: Display: Finished SavePackage ../../../../../../Users/Jonathan Oates/Desktop/ExperimentalGame_1/PandaMeals_project/Content/Blueprints/Objects/PetriDish.uasset
[2017.09.17-18.30.17:761][774]Cmd: OBJ SAVEPACKAGE PACKAGE="/Game/Blueprints/Player_Pawn" FILE="../../../../../../Users/Jonathan Oates/Desktop/ExperimentalGame_1/PandaMeals_project/Content/Blueprints/Player_Pawn.uasset" SILENT=true
[2017.09.17-18.30.17:782][774]LogSavePackage: Save=15.83ms
[2017.09.17-18.30.17:782][774]LogSavePackage: Moving '../../../../../../Users/Jonathan Oates/Desktop/ExperimentalGame_1/PandaMeals_project/Saved/Player_Pawn45DE682D4285D4DC79906591EF070AF4.tmp' to '../../../../../../Users/Jonathan Oates/Desktop/ExperimentalGame_1/PandaMeals_project/Content/Blueprints/Player_Pawn.uasset'
[2017.09.17-18.30.17:794][774]LogSavePackage: Display: Finished SavePackage ../../../../../../Users/Jonathan Oates/Desktop/ExperimentalGame_1/PandaMeals_project/Content/Blueprints/Player_Pawn.uasset
[2017.09.17-18.30.17:976][774]LogSavePackage: Save=139.61ms
[2017.09.17-18.30.17:976][774]LogSavePackage: Moving '../../../../../../Users/Jonathan Oates/Desktop/ExperimentalGame_1/PandaMeals_project/Saved/PlayScreen_ShopFA18E7234E60D90DD0D472AF903A82BC.tmp' to '../../../../../../Users/Jonathan Oates/Desktop/ExperimentalGame_1/PandaMeals_project/Content/Blueprints/PlayScreen_Shop.uasset'
[2017.09.17-18.30.17:986][774]LogSavePackage: Display: Finished SavePackage ../../../../../../Users/Jonathan Oates/Desktop/ExperimentalGame_1/PandaMeals_project/Content/Blueprints/PlayScreen_Shop.uasset
[2017.09.17-18.30.18:289][774]LogSavePackage: Save=43.19ms
[2017.09.17-18.30.18:289][774]LogSavePackage: Moving '../../../../../../Users/Jonathan Oates/Desktop/ExperimentalGame_1/PandaMeals_project/Saved/Shop_MapE3F2956B48EA7F108342149AE7291694.tmp' to '../../../../../../Users/Jonathan Oates/Desktop/ExperimentalGame_1/PandaMeals_project/Content/Maps/Shop_Map.umap'
[2017.09.17-18.30.18:300][774]LogSavePackage: Display: Finished SavePackage ../../../../../../Users/Jonathan Oates/Desktop/ExperimentalGame_1/PandaMeals_project/Content/Maps/Shop_Map.umap
[2017.09.17-18.30.18:343][774]LogFileHelpers: Saving map 'Shop_Map' took 0.353
[2017.09.17-18.30.18:428][774]LogActorComponent: UnregisterComponent: (/Engine/Transient.EditorFloorComp) Not registered. Aborting.
[2017.09.17-18.30.18:493][774]LogActorComponent: UnregisterComponent: (/Engine/Transient.EditorFloorComp) Not registered. Aborting.
[2017.09.17-18.30.18:558][774]LogActorComponent: UnregisterComponent: (/Engine/Transient.EditorFloorComp) Not registered. Aborting.
[2017.09.17-18.30.18:624][774]LogActorComponent: UnregisterComponent: (/Engine/Transient.EditorFloorComp) Not registered. Aborting.
[2017.09.17-18.30.18:695][774]LogActorComponent: UnregisterComponent: (/Engine/Transient.EditorFloorComp) Not registered. Aborting.
[2017.09.17-18.30.18:777][774]LogActorComponent: UnregisterComponent: (/Engine/Transient.EditorFloorComp) Not registered. Aborting.
[2017.09.17-18.30.18:854][774]LogActorComponent: UnregisterComponent: (/Engine/Transient.EditorFloorComp) Not registered. Aborting.
[2017.09.17-18.30.19:182][775]Cmd: QUIT_EDITOR
[2017.09.17-18.30.19:832][775]LogWindowsTextInputMethodSystem: Display: IME system now deactivated.
[2017.09.17-18.30.19:833][775]LogWindowsTextInputMethodSystem: Display: IME system now deactivated.
[2017.09.17-18.30.19:847][775]LogExit: Preparing to exit.
[2017.09.17-18.30.21:012][775]LogDirectoryWatcher: A directory notification for 'C:/Users/Jonathan Oates/Desktop/ExperimentalGame_1/PandaMeals_project/Content/' was aborted.
[2017.09.17-18.30.21:062][775]LogExit: Editor shut down
[2017.09.17-18.30.21:071][775]LogExit: Transaction tracking system shut down
[2017.09.17-18.30.21:304][775]LogDirectoryWatcher: A directory notification for '../../../Engine/Content/' was aborted.
[2017.09.17-18.30.21:304][775]LogDirectoryWatcher: A directory notification for '../../../../../../Users/Jonathan Oates/Desktop/ExperimentalGame_1/PandaMeals_project/Content/' was aborted.
[2017.09.17-18.30.21:304][775]LogDirectoryWatcher: A directory notification for '../../../Engine/Plugins/2D/Paper2D/Content/' was aborted.
[2017.09.17-18.30.21:305][775]LogDirectoryWatcher: A directory notification for '../../../Engine/Plugins/Runtime/Oculus/OculusVR/Content/' was aborted.
[2017.09.17-18.30.21:305][775]LogDirectoryWatcher: A directory notification for '../../../Engine/Plugins/Runtime/Steam/SteamVR/Content/' was aborted.
[2017.09.17-18.30.21:407][775]LogExit: Object subsystem successfully closed.
[2017.09.17-18.30.21:424][775]LogD3D11RHI: Shutdown
[2017.09.17-18.30.21:424][775]LogD3D11RHI: CleanupD3DDevice
[2017.09.17-18.30.21:590][775]LogD3D11RHI: ~FD3D11DynamicRHI
[2017.09.17-18.30.21:645][775]LogModuleManager: Shutting down and abandoning module ExternalImagePicker (538)
[2017.09.17-18.30.21:645][775]LogModuleManager: Shutting down and abandoning module MovieSceneCapture (536)
[2017.09.17-18.30.21:645][775]LogModuleManager: Shutting down and abandoning module BlueprintGraph (534)
[2017.09.17-18.30.21:645][775]LogModuleManager: Shutting down and abandoning module BlueprintProfiler (532)
[2017.09.17-18.30.21:645][775]LogModuleManager: Shutting down and abandoning module HierarchicalLODOutliner (530)
[2017.09.17-18.30.21:645][775]LogModuleManager: Shutting down and abandoning module SceneOutliner (528)
[2017.09.17-18.30.21:645][775]LogModuleManager: Shutting down and abandoning module AddContentDialog (526)
[2017.09.17-18.30.21:645][775]LogDirectoryWatcher: A directory notification for 'C:/Program Files/Epic Games/UE_4.17/FeaturePacks/' was aborted.
[2017.09.17-18.30.21:646][775]LogModuleManager: Shutting down and abandoning module WidgetCarousel (525)
[2017.09.17-18.30.21:646][775]LogModuleManager: Shutting down and abandoning module EditorWidgets (522)
[2017.09.17-18.30.21:646][775]LogModuleManager: Shutting down and abandoning module CollectionManager (520)
[2017.09.17-18.30.21:647][775]LogDirectoryWatcher: A directory notification for 'C:/Users/Jonathan Oates/Desktop/ExperimentalGame_1/PandaMeals_project/Content/Collections/' was aborted.
[2017.09.17-18.30.21:647][775]LogDirectoryWatcher: A directory notification for 'C:/Users/Jonathan Oates/Desktop/ExperimentalGame_1/PandaMeals_project/Content/Developers/JonathanOates/Collections/' was aborted.
[2017.09.17-18.30.21:647][775]LogDirectoryWatcher: A directory notification for 'C:/Users/Jonathan Oates/Desktop/ExperimentalGame_1/PandaMeals_project/Saved/Collections/' was aborted.
[2017.09.17-18.30.21:647][775]LogModuleManager: Shutting down and abandoning module StatsViewer (518)
[2017.09.17-18.30.21:647][775]LogModuleManager: Shutting down and abandoning module FoliageEdit (516)
[2017.09.17-18.30.21:647][775]LogModuleManager: Shutting down and abandoning module LandscapeEditor (514)
[2017.09.17-18.30.21:647][775]LogModuleManager: Shutting down and abandoning module MeshPaintMode (512)
[2017.09.17-18.30.21:647][775]LogModuleManager: Shutting down and abandoning module SceneDepthPickerMode (510)
[2017.09.17-18.30.21:647][775]LogModuleManager: Shutting down and abandoning module ActorPickerMode (508)
[2017.09.17-18.30.21:647][775]LogModuleManager: Shutting down and abandoning module GeometryMode (506)
[2017.09.17-18.30.21:647][775]LogModuleManager: Shutting down and abandoning module TextureAlignMode (504)
[2017.09.17-18.30.21:647][775]LogModuleManager: Shutting down and abandoning module BspMode (502)
[2017.09.17-18.30.21:647][775]LogModuleManager: Shutting down and abandoning module PIEPreviewDeviceProfileSelector (500)
[2017.09.17-18.30.21:647][775]LogModuleManager: Shutting down and abandoning module HardwareSurvey (498)
[2017.09.17-18.30.21:647][775]LogModuleManager: Shutting down and abandoning module SequenceRecorderSections (496)
[2017.09.17-18.30.21:647][775]LogModuleManager: Shutting down and abandoning module AutomationWorker (494)
[2017.09.17-18.30.21:647][775]LogModuleManager: Shutting down and abandoning module MatineeToLevelSequence (492)
[2017.09.17-18.30.21:647][775]LogModuleManager: Shutting down and abandoning module LevelSequenceEditor (490)
[2017.09.17-18.30.21:647][775]LogModuleManager: Shutting down and abandoning module PlacementMode (489)
[2017.09.17-18.30.21:647][775]LogModuleManager: Shutting down and abandoning module WmfMediaFactory (486)
[2017.09.17-18.30.21:647][775]LogModuleManager: Shutting down and abandoning module WmfMediaEditor (484)
[2017.09.17-18.30.21:647][775]LogModuleManager: Shutting down and abandoning module AvfMediaFactory (482)
[2017.09.17-18.30.21:647][775]LogModuleManager: Shutting down and abandoning module AvfMediaEditor (480)
[2017.09.17-18.30.21:647][775]LogModuleManager: Shutting down and abandoning module AndroidMediaFactory (478)
[2017.09.17-18.30.21:648][775]LogModuleManager: Shutting down and abandoning module Media (477)
[2017.09.17-18.30.21:648][775]LogModuleManager: Shutting down and abandoning module AndroidMediaEditor (474)
[2017.09.17-18.30.21:648][775]LogModuleManager: Shutting down and abandoning module CharacterAI (472)
[2017.09.17-18.30.21:648][775]LogModuleManager: Shutting down and abandoning module AudioCapture (470)
[2017.09.17-18.30.21:648][775]LogModuleManager: Shutting down and abandoning module SequenceRecorder (469)
[2017.09.17-18.30.21:648][775]LogModuleManager: Shutting down and abandoning module SmartSnapping (466)
[2017.09.17-18.30.21:648][775]LogModuleManager: Shutting down and abandoning module SessionServices (464)
[2017.09.17-18.30.21:648][775]LogModuleManager: Shutting down and abandoning module ViewportSnapping (462)
[2017.09.17-18.30.21:648][775]LogModuleManager: Shutting down and abandoning module ViewportInteraction (460)
[2017.09.17-18.30.21:648][775]LogModuleManager: Shutting down and abandoning module ClothPainter (458)
[2017.09.17-18.30.21:648][775]LogModuleManager: Shutting down and abandoning module LogVisualizer (456)
[2017.09.17-18.30.21:648][775]LogModuleManager: Shutting down and abandoning module IntroTutorials (454)
[2017.09.17-18.30.21:648][775]LogModuleManager: Shutting down and abandoning module GameProjectGeneration (453)
[2017.09.17-18.30.21:648][775]LogModuleManager: Shutting down and abandoning module IOSPlatformEditor (450)
[2017.09.17-18.30.21:648][775]LogModuleManager: Shutting down and abandoning module HTML5PlatformEditor (448)
[2017.09.17-18.30.21:648][775]LogModuleManager: Shutting down and abandoning module AndroidPlatformEditor (446)
[2017.09.17-18.30.21:648][775]LogModuleManager: Shutting down and abandoning module AndroidDeviceDetection (445)
[2017.09.17-18.30.22:589][775]LogModuleManager: Shutting down and abandoning module WindowsPlatformEditor (442)
[2017.09.17-18.30.22:589][775]LogModuleManager: Shutting down and abandoning module IOSRuntimeSettings (440)
[2017.09.17-18.30.22:589][775]LogModuleManager: Shutting down and abandoning module AndroidRuntimeSettings (438)
[2017.09.17-18.30.22:589][775]LogModuleManager: Shutting down and abandoning module InputBindingEditor (436)
[2017.09.17-18.30.22:589][775]LogModuleManager: Shutting down and abandoning module MergeActors (434)
[2017.09.17-18.30.22:589][775]LogModuleManager: Shutting down and abandoning module SizeMap (432)
[2017.09.17-18.30.22:589][775]LogModuleManager: Shutting down and abandoning module TreeMap (430)
[2017.09.17-18.30.22:589][775]LogModuleManager: Shutting down and abandoning module ReferenceViewer (428)
[2017.09.17-18.30.22:589][775]LogModuleManager: Shutting down and abandoning module LocalizationDashboard (426)
[2017.09.17-18.30.22:589][775]LogModuleManager: Shutting down and abandoning module LocalizationService (425)
[2017.09.17-18.30.22:589][775]LogModuleManager: Shutting down and abandoning module HardwareTargeting (422)
[2017.09.17-18.30.22:589][775]LogModuleManager: Shutting down and abandoning module DeviceProfileEditor (420)
[2017.09.17-18.30.22:589][775]LogModuleManager: Shutting down and abandoning module UndoHistory (418)
[2017.09.17-18.30.22:589][775]LogModuleManager: Shutting down and abandoning module XmlParser (416)
[2017.09.17-18.30.22:589][775]LogModuleManager: Shutting down and abandoning module Blutility (414)
[2017.09.17-18.30.22:589][775]LogModuleManager: Shutting down and abandoning module ProjectSettingsViewer (412)
[2017.09.17-18.30.22:589][775]LogModuleManager: Shutting down and abandoning module ProjectTargetPlatformEditor (411)
[2017.09.17-18.30.22:589][775]LogModuleManager: Shutting down and abandoning module EditorSettingsViewer (408)
[2017.09.17-18.30.22:589][775]LogModuleManager: Shutting down and abandoning module SettingsEditor (406)
[2017.09.17-18.30.22:590][775]LogModuleManager: Shutting down and abandoning module ProjectLauncher (404)
[2017.09.17-18.30.22:590][775]LogModuleManager: Shutting down and abandoning module SessionFrontend (402)
[2017.09.17-18.30.22:590][775]LogModuleManager: Shutting down and abandoning module ProfilerClient (400)
[2017.09.17-18.30.22:590][775]LogModuleManager: Shutting down and abandoning module DeviceManager (398)
[2017.09.17-18.30.22:590][775]LogModuleManager: Shutting down and abandoning module TargetDeviceServices (397)
[2017.09.17-18.30.22:642][775]LogModuleManager: Shutting down and abandoning module AutomationController (394)
[2017.09.17-18.30.22:642][775]LogModuleManager: Shutting down and abandoning module AutomationWindow (392)
[2017.09.17-18.30.22:642][775]LogModuleManager: Shutting down and abandoning module Layers (390)
[2017.09.17-18.30.22:642][775]LogModuleManager: Shutting down and abandoning module ComponentVisualizers (388)
[2017.09.17-18.30.22:642][775]LogModuleManager: Shutting down and abandoning module DetailCustomizations (386)
[2017.09.17-18.30.22:642][775]LogModuleManager: Shutting down and abandoning module PackagesDialog (384)
[2017.09.17-18.30.22:642][775]LogModuleManager: Shutting down and abandoning module Persona (382)
[2017.09.17-18.30.22:642][775]LogModuleManager: Shutting down and abandoning module AdvancedPreviewScene (381)
[2017.09.17-18.30.22:642][775]LogModuleManager: Shutting down and abandoning module AnimGraph (379)
[2017.09.17-18.30.22:642][775]LogModuleManager: Shutting down and abandoning module Kismet (376)
[2017.09.17-18.30.22:654][775]LogModuleManager: Shutting down and abandoning module ClassViewer (374)
[2017.09.17-18.30.22:656][775]LogModuleManager: Shutting down and abandoning module Toolbox (372)
[2017.09.17-18.30.22:656][775]LogModuleManager: Shutting down and abandoning module ModuleUI (370)
[2017.09.17-18.30.22:656][775]LogModuleManager: Shutting down and abandoning module MovieSceneTools (368)
[2017.09.17-18.30.22:656][775]LogModuleManager: Shutting down and abandoning module OutputLog (366)
[2017.09.17-18.30.22:656][775]LogModuleManager: Shutting down and abandoning module GammaUI (364)
[2017.09.17-18.30.22:656][775]LogModuleManager: Shutting down and abandoning module Documentation (362)
[2017.09.17-18.30.22:656][775]LogModuleManager: Shutting down and abandoning module MovieSceneTracks (360)
[2017.09.17-18.30.22:656][775]LogModuleManager: Shutting down and abandoning module MovieScene (358)
[2017.09.17-18.30.22:656][775]LogModuleManager: Shutting down and abandoning module Niagara (356)
[2017.09.17-18.30.22:656][775]LogModuleManager: Shutting down and abandoning module NiagaraEditor (355)
[2017.09.17-18.30.22:656][775]LogModuleManager: Shutting down and abandoning module StreamingPauseRendering (352)
[2017.09.17-18.30.22:657][775]LogModuleManager: Shutting down and abandoning module LauncherPlatform (350)
[2017.09.17-18.30.22:657][775]LogModuleManager: Shutting down and abandoning module AnalyticsET (348)
[2017.09.17-18.30.22:657][775]LogModuleManager: Shutting down and abandoning module PortalServices (346)
[2017.09.17-18.30.22:657][775]LogModuleManager: Shutting down and abandoning module PortalRpc (344)
[2017.09.17-18.30.22:657][775]LogModuleManager: Shutting down and abandoning module MessagingRpc (342)
[2017.09.17-18.30.22:657][775]LogModuleManager: Shutting down and abandoning module AIModule (340)
[2017.09.17-18.30.22:657][775]LogModuleManager: Shutting down and abandoning module GameplayDebugger (339)
[2017.09.17-18.30.22:657][775]LogModuleManager: Shutting down and abandoning module AITestSuite (337)
[2017.09.17-18.30.22:657][775]LogModuleManager: Shutting down and abandoning module ProfilerService (334)
[2017.09.17-18.30.22:801][775]LogModuleManager: Shutting down and abandoning module TaskGraph (332)
[2017.09.17-18.30.22:802][775]LogModuleManager: Shutting down and abandoning module SteamVRController (330)
[2017.09.17-18.30.22:802][775]LogModuleManager: Shutting down and abandoning module ProceduralMeshComponentEditor (328)
[2017.09.17-18.30.22:802][775]LogModuleManager: Shutting down and abandoning module ProceduralMeshComponent (326)
[2017.09.17-18.30.22:802][775]LogModuleManager: Shutting down and abandoning module OculusInput (324)
[2017.09.17-18.30.22:802][775]LogModuleManager: Shutting down and abandoning module MobilePatchingUtils (322)
[2017.09.17-18.30.22:802][775]LogModuleManager: Shutting down and abandoning module CustomMeshComponent (320)
[2017.09.17-18.30.22:802][775]LogModuleManager: Shutting down and abandoning module CableComponent (318)
[2017.09.17-18.30.22:802][775]LogModuleManager: Shutting down and abandoning module ArchVisCharacter (316)
[2017.09.17-18.30.22:802][775]LogModuleManager: Shutting down and abandoning module AndroidPermission (314)
[2017.09.17-18.30.22:802][775]LogModuleManager: Shutting down and abandoning module MediaPlayerEditor (310)
[2017.09.17-18.30.22:802][775]LogModuleManager: Shutting down and abandoning module HTML5Networking (308)
[2017.09.17-18.30.22:802][775]LogModuleManager: Shutting down and abandoning module AlembicImporter (306)
[2017.09.17-18.30.22:802][775]LogModuleManager: Shutting down and abandoning module AlembicLibrary (305)
[2017.09.17-18.30.22:802][775]LogModuleManager: Shutting down and abandoning module GeometryCache (304)
[2017.09.17-18.30.22:802][775]LogModuleManager: Shutting down and abandoning module GeometryCacheEd (303)
[2017.09.17-18.30.22:802][775]LogModuleManager: Shutting down and abandoning module SpeedTreeImporter (298)
[2017.09.17-18.30.22:802][775]LogModuleManager: Shutting down and abandoning module PluginBrowser (296)
[2017.09.17-18.30.22:802][775]LogModuleManager: Shutting down and abandoning module MobileLauncherProfileWizard (294)
[2017.09.17-18.30.22:802][775]LogModuleManager: Shutting down and abandoning module VisualStudioSourceCodeAccess (292)
[2017.09.17-18.30.22:802][775]LogModuleManager: Shutting down and abandoning module DesktopPlatform (291)
[2017.09.17-18.30.22:802][775]LogModuleManager: Shutting down and abandoning module UObjectPlugin (288)
[2017.09.17-18.30.22:802][775]LogModuleManager: Shutting down and abandoning module SubversionSourceControl (286)
[2017.09.17-18.30.22:802][775]LogModuleManager: Shutting down and abandoning module PerforceSourceControl (284)
[2017.09.17-18.30.22:802][775]LogModuleManager: Shutting down and abandoning module GitSourceControl (282)
[2017.09.17-18.30.22:802][775]LogModuleManager: Shutting down and abandoning module SourceControl (281)
[2017.09.17-18.30.22:802][775]LogModuleManager: Shutting down and abandoning module LightPropagationVolumeEditor (278)
[2017.09.17-18.30.22:802][775]LogModuleManager: Shutting down and abandoning module PaperTiledImporter (276)
[2017.09.17-18.30.22:802][775]LogModuleManager: Shutting down and abandoning module PaperSpriteSheetImporter (274)
[2017.09.17-18.30.22:802][775]LogModuleManager: Shutting down and abandoning module Paper2DEditor (272)
[2017.09.17-18.30.22:802][775]LogModuleManager: Shutting down and abandoning module MeshPaint (271)
[2017.09.17-18.30.22:803][775]LogModuleManager: Shutting down and abandoning module LevelEditor (269)
[2017.09.17-18.30.22:803][775]LogModuleManager: Shutting down and abandoning module PixelInspectorModule (268)
[2017.09.17-18.30.22:803][775]LogModuleManager: Shutting down and abandoning module MainFrame (266)
[2017.09.17-18.30.22:803][775]LogModuleManager: Shutting down and abandoning module HotReload (265)
[2017.09.17-18.30.22:804][775]LogModuleManager: Shutting down and abandoning module RuntimePhysXCooking (260)
[2017.09.17-18.30.22:804][775]LogModuleManager: Shutting down and abandoning module PhysXVehiclesEditor (258)
[2017.09.17-18.30.22:804][775]LogModuleManager: Shutting down and abandoning module PhysXVehicles (256)
[2017.09.17-18.30.22:804][775]LogModuleManager: Shutting down and abandoning module OculusEditor (254)
[2017.09.17-18.30.22:804][775]LogModuleManager: Shutting down and abandoning module LocationServicesBPLibrary (252)
[2017.09.17-18.30.22:804][775]LogModuleManager: Shutting down and abandoning module ImmediatePhysicsEditor (250)
[2017.09.17-18.30.22:804][775]LogModuleManager: Shutting down and abandoning module ImmediatePhysics (248)
[2017.09.17-18.30.22:804][775]LogModuleManager: Shutting down and abandoning module UdpMessaging (246)
[2017.09.17-18.30.22:905][775]LogModuleManager: Shutting down and abandoning module TcpMessaging (244)
[2017.09.17-18.30.23:005][775]LogModuleManager: Shutting down and abandoning module GameplayTagsEditor (242)
[2017.09.17-18.30.23:006][775]LogModuleManager: Shutting down and abandoning module FacialAnimationEditor (240)
[2017.09.17-18.30.23:006][775]LogModuleManager: Shutting down and abandoning module FacialAnimation (238)
[2017.09.17-18.30.23:006][775]LogModuleManager: Shutting down and abandoning module AssetManagerEditor (236)
[2017.09.17-18.30.23:006][775]LogModuleManager: Shutting down and abandoning module GraphEditor (235)
[2017.09.17-18.30.23:006][775]LogModuleManager: Shutting down and abandoning module ContentBrowser (233)
[2017.09.17-18.30.23:007][775]LogModuleManager: Shutting down and abandoning module LightPropagationVolumeRuntime (230)
[2017.09.17-18.30.23:008][775]LogModuleManager: Shutting down and abandoning module Paper2D (228)
[2017.09.17-18.30.23:008][775]LogModuleManager: Shutting down and abandoning module WindowsMoviePlayer (226)
[2017.09.17-18.30.23:008][775]LogModuleManager: Shutting down and abandoning module WmfMedia (224)
[2017.09.17-18.30.23:008][775]LogModuleManager: Shutting down and abandoning module PacketHandler (222)
[2017.09.17-18.30.23:008][775]LogModuleManager: Shutting down and abandoning module ClothingSystemEditor (220)
[2017.09.17-18.30.23:008][775]LogModuleManager: Shutting down and abandoning module ClothingSystemRuntime (218)
[2017.09.17-18.30.23:008][775]LogModuleManager: Shutting down and abandoning module Overlay (216)
[2017.09.17-18.30.23:008][775]LogModuleManager: Shutting down and abandoning module OverlayEditor (215)
[2017.09.17-18.30.23:008][775]LogModuleManager: Shutting down and abandoning module MediaAssets (212)
[2017.09.17-18.30.23:008][775]LogModuleManager: Shutting down and abandoning module VREditor (210)
[2017.09.17-18.30.23:008][775]LogModuleManager: Shutting down and abandoning module StringTableEditor (208)
[2017.09.17-18.30.23:008][775]LogModuleManager: Shutting down and abandoning module GameplayTasksEditor (206)
[2017.09.17-18.30.23:008][775]LogModuleManager: Shutting down and abandoning module BehaviorTreeEditor (204)
[2017.09.17-18.30.23:008][775]LogModuleManager: Shutting down and abandoning module FunctionalTesting (202)
[2017.09.17-18.30.23:008][775]LogModuleManager: Shutting down and abandoning module CollisionAnalyzer (200)
[2017.09.17-18.30.23:008][775]LogModuleManager: Shutting down and abandoning module WorkspaceMenuStructure (199)
[2017.09.17-18.30.23:008][775]LogModuleManager: Shutting down and abandoning module UMG (196)
[2017.09.17-18.30.23:008][775]LogModuleManager: Shutting down and abandoning module UMGEditor (195)
[2017.09.17-18.30.23:008][775]LogModuleManager: Shutting down and abandoning module Sequencer (194)
[2017.09.17-18.30.23:008][775]LogModuleManager: Shutting down and abandoning module MessageLog (191)
[2017.09.17-18.30.23:008][775]LogModuleManager: Shutting down and abandoning module SlateReflector (186)
[2017.09.17-18.30.23:008][775]LogModuleManager: Shutting down and abandoning module Slate (184)
[2017.09.17-18.30.23:008][775]LogModuleManager: Shutting down and abandoning module EditorStyle (182)
[2017.09.17-18.30.23:013][775]LogModuleManager: Shutting down and abandoning module MRMesh (180)
[2017.09.17-18.30.23:013][775]LogModuleManager: Shutting down and abandoning module SourceCodeAccess (178)
[2017.09.17-18.30.23:013][775]LogModuleManager: Shutting down and abandoning module HeadMountedDisplay (176)
[2017.09.17-18.30.23:014][775]LogModuleManager: Shutting down and abandoning module XAudio2 (174)
[2017.09.17-18.30.23:014][775]LogModuleManager: Shutting down and abandoning module Networking (172)
[2017.09.17-18.30.23:014][775]LogModuleManager: Shutting down and abandoning module Core (168)
[2017.09.17-18.30.23:014][775]LogModuleManager: Shutting down and abandoning module KismetCompiler (164)
[2017.09.17-18.30.23:014][775]LogModuleManager: Shutting down and abandoning module LevelSequence (162)
[2017.09.17-18.30.23:014][775]LogModuleManager: Shutting down and abandoning module MeshUtilities (160)
[2017.09.17-18.30.23:014][775]LogModuleManager: Shutting down and abandoning module MeshMergeUtilities (159)
[2017.09.17-18.30.23:014][775]LogModuleManager: Shutting down and abandoning module MeshReductionInterface (158)
[2017.09.17-18.30.23:014][775]LogModuleManager: Shutting down and abandoning module SimplygonSwarm (157)
[2017.09.17-18.30.23:014][775]LogModuleManager: Shutting down and abandoning module SimplygonMeshReduction (155)
[2017.09.17-18.30.23:014][775]LogModuleManager: Shutting down and abandoning module QuadricMeshReduction (153)
[2017.09.17-18.30.23:014][775]LogModuleManager: Shutting down and abandoning module MaterialBaking (149)
[2017.09.17-18.30.23:014][775]LogModuleManager: Shutting down and abandoning module DirectoryWatcher (146)
[2017.09.17-18.30.23:015][775]LogModuleManager: Shutting down and abandoning module DerivedDataCache (144)
[2017.09.17-18.30.23:045][775]LogDerivedDataCache: Shutdown
[2017.09.17-18.30.23:045][775]LogModuleManager: Shutting down and abandoning module TargetPlatform (142)
[2017.09.17-18.30.23:045][775]LogModuleManager: Shutting down and abandoning module VulkanShaderFormat (141)
[2017.09.17-18.30.23:045][775]LogModuleManager: Shutting down and abandoning module ShaderFormatVectorVM (139)
[2017.09.17-18.30.23:045][775]LogModuleManager: Shutting down and abandoning module ShaderFormatOpenGL (137)
[2017.09.17-18.30.23:045][775]LogModuleManager: Shutting down and abandoning module ShaderFormatD3D (135)
[2017.09.17-18.30.23:045][775]LogModuleManager: Shutting down and abandoning module MetalShaderFormat (133)
[2017.09.17-18.30.23:045][775]LogModuleManager: Shutting down and abandoning module TextureFormatUncompressed (131)
[2017.09.17-18.30.23:045][775]LogModuleManager: Shutting down and abandoning module TextureFormatPVR (129)
[2017.09.17-18.30.23:045][775]LogModuleManager: Shutting down and abandoning module TextureFormatDXT (127)
[2017.09.17-18.30.23:045][775]LogModuleManager: Shutting down and abandoning module TextureFormatIntelISPCTexComp (125)
[2017.09.17-18.30.23:045][775]LogModuleManager: Shutting down and abandoning module TextureFormatASTC (123)
[2017.09.17-18.30.23:045][775]LogModuleManager: Shutting down and abandoning module ImageWrapper (122)
[2017.09.17-18.30.23:045][775]LogModuleManager: Shutting down and abandoning module TextureFormatAndroid (119)
[2017.09.17-18.30.23:045][775]LogModuleManager: Shutting down and abandoning module AudioFormatOpus (117)
[2017.09.17-18.30.23:045][775]LogModuleManager: Shutting down and abandoning module AudioFormatOgg (115)
[2017.09.17-18.30.23:045][775]LogModuleManager: Shutting down and abandoning module AudioFormatADPCM (113)
[2017.09.17-18.30.23:045][775]LogModuleManager: Shutting down and abandoning module LinuxTargetPlatform (111)
[2017.09.17-18.30.23:045][775]LogModuleManager: Shutting down and abandoning module LinuxServerTargetPlatform (109)
[2017.09.17-18.30.23:045][775]LogModuleManager: Shutting down and abandoning module LinuxNoEditorTargetPlatform (107)
[2017.09.17-18.30.23:045][775]LogModuleManager: Shutting down and abandoning module LinuxClientTargetPlatform (105)
[2017.09.17-18.30.23:045][775]LogModuleManager: Shutting down and abandoning module TVOSTargetPlatform (103)
[2017.09.17-18.30.23:046][775]LogModuleManager: Shutting down and abandoning module Messaging (101)
[2017.09.17-18.30.23:046][775]LogModuleManager: Shutting down and abandoning module IOSTargetPlatform (99)
[2017.09.17-18.30.23:046][775]LogModuleManager: Shutting down and abandoning module HTML5TargetPlatform (97)
[2017.09.17-18.30.23:046][775]LogModuleManager: Shutting down and abandoning module Android_PVRTCTargetPlatform (95)
[2017.09.17-18.30.23:046][775]LogModuleManager: Shutting down and abandoning module Android_MultiTargetPlatform (93)
[2017.09.17-18.30.23:046][775]LogModuleManager: Shutting down and abandoning module Android_ETC2TargetPlatform (91)
[2017.09.17-18.30.23:046][775]LogModuleManager: Shutting down and abandoning module Android_ETC1TargetPlatform (89)
[2017.09.17-18.30.23:046][775]LogModuleManager: Shutting down and abandoning module Android_DXTTargetPlatform (87)
[2017.09.17-18.30.23:046][775]LogModuleManager: Shutting down and abandoning module Android_ATCTargetPlatform (85)
[2017.09.17-18.30.23:046][775]LogModuleManager: Shutting down and abandoning module Android_ASTCTargetPlatform (83)
[2017.09.17-18.30.23:046][775]LogModuleManager: Shutting down and abandoning module AndroidTargetPlatform (81)
[2017.09.17-18.30.23:046][775]LogModuleManager: Shutting down and abandoning module WindowsTargetPlatform (79)
[2017.09.17-18.30.23:046][775]LogModuleManager: Shutting down and abandoning module WindowsServerTargetPlatform (77)
[2017.09.17-18.30.23:046][775]LogModuleManager: Shutting down and abandoning module WindowsNoEditorTargetPlatform (75)
[2017.09.17-18.30.23:046][775]LogModuleManager: Shutting down and abandoning module WindowsClientTargetPlatform (73)
[2017.09.17-18.30.23:046][775]LogModuleManager: Shutting down and abandoning module MacTargetPlatform (71)
[2017.09.17-18.30.23:046][775]LogModuleManager: Shutting down and abandoning module MacServerTargetPlatform (69)
[2017.09.17-18.30.23:046][775]LogModuleManager: Shutting down and abandoning module MacNoEditorTargetPlatform (67)
[2017.09.17-18.30.23:046][775]LogModuleManager: Shutting down and abandoning module MacClientTargetPlatform (65)
[2017.09.17-18.30.23:046][775]LogModuleManager: Shutting down and abandoning module AllDesktopTargetPlatform (63)
[2017.09.17-18.30.23:046][775]LogModuleManager: Shutting down and abandoning module InputCore (60)
[2017.09.17-18.30.23:046][775]LogModuleManager: Shutting down and abandoning module Settings (58)
[2017.09.17-18.30.23:046][775]LogModuleManager: Shutting down and abandoning module PhysXCooking (56)
[2017.09.17-18.30.23:046][775]LogModuleManager: Shutting down and abandoning module SteamVR (54)
[2017.09.17-18.30.23:046][775]LogModuleManager: Shutting down and abandoning module OculusHMD (52)
[2017.09.17-18.30.23:046][775]LogModuleManager: Shutting down and abandoning module ExampleDeviceProfileSelector (50)
[2017.09.17-18.30.23:046][775]LogModuleManager: Shutting down and abandoning module OnlineBlueprintSupport (48)
[2017.09.17-18.30.23:046][775]LogModuleManager: Shutting down and abandoning module OnlineSubsystem (44)
[2017.09.17-18.30.23:046][775]LogOnline: Display: Unloading online subsystem: NULL
[2017.09.17-18.30.23:047][775]LogModuleManager: Shutting down and abandoning module XMPP (43)
[2017.09.17-18.30.23:047][775]LogModuleManager: Shutting down and abandoning module HTTP (41)
[2017.09.17-18.30.23:047][775]LogHttp: Display: Http module shutting down, but needs to wait on 1 outstanding Http requests:
[2017.09.17-18.30.23:047][775]LogHttp: Display: 	verb=[POST] url=[https://datarouter.ol.epicgames.com/datarouter/api/v1/public/data?SessionID=%7BC8DCE31F-4F70-C496-4DEF-D7B4F7734209%7D&AppID=UEEditor.Rocket.Release&AppVersion=4.17.1-3586342%2B%2B%2BUE4%2BRelease-4.17&UserID=0c00cb594444ce5292f97aadf3b4bd87%7C9975c818dc15487da82246fda931f30b%7C03c2f105-f08a-4122-bd94-ebf12ae9fd8f&AppEnvironment=datacollector-binary&UploadType=eteventstream] status=Processing
[2017.09.17-18.30.23:065][775]LogModuleManager: Shutting down and abandoning module SSL (40)
[2017.09.17-18.30.23:067][775]LogModuleManager: Shutting down and abandoning module AnimationModifiers (36)
[2017.09.17-18.30.23:067][775]LogModuleManager: Shutting down and abandoning module PropertyEditor (35)
[2017.09.17-18.30.23:067][775]LogModuleManager: Shutting down and abandoning module AudioEditor (32)
[2017.09.17-18.30.23:068][775]LogModuleManager: Shutting down and abandoning module TextureCompressor (30)
[2017.09.17-18.30.23:068][775]LogModuleManager: Shutting down and abandoning module ShaderCore (28)
[2017.09.17-18.30.23:068][775]LogModuleManager: Shutting down and abandoning module Landscape (26)
[2017.09.17-18.30.23:068][775]LogModuleManager: Shutting down and abandoning module SlateRHIRenderer (24)
[2017.09.17-18.30.23:069][775]LogModuleManager: Shutting down and abandoning module OpenGLDrv (22)
[2017.09.17-18.30.23:069][775]LogModuleManager: Shutting down and abandoning module D3D11RHI (20)
[2017.09.17-18.30.23:069][775]LogModuleManager: Shutting down and abandoning module AnimGraphRuntime (18)
[2017.09.17-18.30.23:070][775]LogModuleManager: Shutting down and abandoning module Renderer (16)
[2017.09.17-18.30.23:070][775]LogModuleManager: Shutting down and abandoning module Engine (14)
[2017.09.17-18.30.23:070][775]LogModuleManager: Shutting down and abandoning module CoreUObject (12)
[2017.09.17-18.30.23:070][775]LogModuleManager: Shutting down and abandoning module NetworkFile (10)
[2017.09.17-18.30.23:070][775]LogModuleManager: Shutting down and abandoning module CookedIterativeFile (8)
[2017.09.17-18.30.23:070][775]LogModuleManager: Shutting down and abandoning module StreamingFile (6)
[2017.09.17-18.30.23:070][775]LogModuleManager: Shutting down and abandoning module SandboxFile (4)
[2017.09.17-18.30.23:070][775]LogModuleManager: Shutting down and abandoning module PakFile (2)
[2017.09.17-18.30.23:075][775]LogExit: Exiting.
[2017.09.17-18.30.23:090][775]Log file closed, 09/17/17 14:30:23
