Log file open, 09/17/17 13:20:11
LogWindows: LoadLibraryWithSearchPaths failed for file aqProf.dll. GetLastError=0
LogWindows: LoadLibraryWithSearchPaths failed for file VtuneApi.dll. GetLastError=0
LogWindows: LoadLibraryWithSearchPaths failed for file VtuneApi32e.dll. GetLastError=0
LogInit: Display: Running engine for game: PandaMeals_project
LogPlatformFile: Not using cached read wrapper
LogInit: Display: RandInit(541950032) SRandInit(541950032).
LogTaskGraph: Started task graph with 5 named threads and 14 total threads with 3 sets of task threads.
LogStats: Stats thread started at 0.613030
LogD3D11RHI: Aftermath initialized
LogPluginManager: Mounting plugin Paper2D
LogPluginManager: Mounting plugin LightPropagationVolume
LogPluginManager: Mounting plugin CodeLiteSourceCodeAccess
LogPluginManager: Mounting plugin GitSourceControl
LogPluginManager: Mounting plugin KDevelopSourceCodeAccess
LogPluginManager: Mounting plugin NullSourceCodeAccess
LogPluginManager: Mounting plugin PerforceSourceControl
LogPluginManager: Mounting plugin SubversionSourceControl
LogPluginManager: Mounting plugin UObjectPlugin
LogPluginManager: Mounting plugin VisualStudioSourceCodeAccess
LogPluginManager: Mounting plugin XCodeSourceCodeAccess
LogPluginManager: Mounting plugin AssetManagerEditor
LogPluginManager: Mounting plugin AudioCapture
LogPluginManager: Mounting plugin FacialAnimation
LogPluginManager: Mounting plugin GameplayTagsEditor
LogPluginManager: Mounting plugin MobileLauncherProfileWizard
LogPluginManager: Mounting plugin PluginBrowser
LogPluginManager: Mounting plugin SpeedTreeImporter
LogPluginManager: Mounting plugin AlembicImporter
LogPluginManager: Mounting plugin CharacterAI
LogPluginManager: Mounting plugin HTML5Networking
LogPluginManager: Mounting plugin AndroidMedia
LogPluginManager: Mounting plugin AvfMedia
LogPluginManager: Mounting plugin MediaPlayerEditor
LogPluginManager: Mounting plugin WmfMedia
LogPluginManager: Mounting plugin TcpMessaging
LogPluginManager: Mounting plugin UdpMessaging
LogPluginManager: Mounting plugin LevelSequenceEditor
LogPluginManager: Mounting plugin MatineeToLevelSequence
LogPluginManager: Mounting plugin OnlineSubsystemGooglePlay
LogPluginManager: Mounting plugin OnlineSubsystemIOS
LogPluginManager: Mounting plugin OnlineSubsystem
LogPluginManager: Mounting plugin OnlineSubsystemNull
LogPluginManager: Mounting plugin OnlineSubsystemUtils
LogPluginManager: Mounting plugin AndroidDeviceProfileSelector
LogPluginManager: Mounting plugin AndroidMoviePlayer
LogPluginManager: Mounting plugin AndroidPermission
LogPluginManager: Mounting plugin AppleMoviePlayer
LogPluginManager: Mounting plugin ArchVisCharacter
LogPluginManager: Mounting plugin CableComponent
LogPluginManager: Mounting plugin CustomMeshComponent
LogPluginManager: Mounting plugin ExampleDeviceProfileSelector
LogPluginManager: Mounting plugin GoogleCloudMessaging
LogPluginManager: Mounting plugin ImmediatePhysics
LogPluginManager: Mounting plugin IOSDeviceProfileSelector
LogPluginManager: Mounting plugin LinuxDeviceProfileSelector
LogPluginManager: Mounting plugin LocationServicesBPLibrary
LogPluginManager: Mounting plugin MobilePatchingUtils
LogPluginManager: Mounting plugin OculusVR
LogPluginManager: Mounting plugin PhysXVehicles
LogPluginManager: Mounting plugin ProceduralMeshComponent
LogPluginManager: Mounting plugin RuntimePhysXCooking
LogPluginManager: Mounting plugin SteamVR
LogPluginManager: Mounting plugin WindowsMoviePlayer
LogInit: Using libcurl 7.47.1
LogInit:  - built for x86_64-pc-win32
LogInit:  - supports SSL with OpenSSL/1.0.2g
LogInit:  - supports HTTP deflate (compression) using libz 1.2.8
LogInit:  - other features:
LogInit:      CURL_VERSION_SSL
LogInit:      CURL_VERSION_LIBZ
LogInit:      CURL_VERSION_IPV6
LogInit:      CURL_VERSION_ASYNCHDNS
LogInit:      CURL_VERSION_LARGEFILE
LogInit:      CURL_VERSION_IDN
LogInit:  CurlRequestOptions (configurable via config and command line):
LogInit:  - bVerifyPeer = false  - Libcurl will NOT verify peer certificate
LogInit:  - bUseHttpProxy = false  - Libcurl will NOT use HTTP proxy
LogInit:  - bDontReuseConnections = false  - Libcurl will reuse connections
LogInit:  - CertBundlePath = nullptr  - Libcurl will use whatever was configured at build time.
LogInit: Build: ++UE4+Release-4.17-CL-3586342
LogInit: Engine Version: 4.17.1-3586342+++UE4+Release-4.17
LogInit: Compatible Engine Version: 4.17.0-3573198+++UE4+Release-4.17
LogInit: Net CL: 3573198
LogDevObjectVersion: Number of dev versions registered: 16
LogDevObjectVersion:   Dev-Blueprints (B0D832E4-1F89-4F0D-ACCF-7EB736FD4AA2): 10
LogDevObjectVersion:   Dev-Build (E1C64328-A22C-4D53-A36C-8E866417BD8C): 0
LogDevObjectVersion:   Dev-Core (375EC13C-06E4-48FB-B500-84F0262A717E): 2
LogDevObjectVersion:   Dev-Editor (E4B068ED-F494-42E9-A231-DA0B2E46BB41): 20
LogDevObjectVersion:   Dev-Framework (CFFC743F-43B0-4480-9391-14DF171D2073): 28
LogDevObjectVersion:   Dev-Mobile (B02B49B5-BB20-44E9-A304-32B752E40360): 0
LogDevObjectVersion:   Dev-Networking (A4E4105C-59A1-49B5-A7C5-40C4547EDFEE): 0
LogDevObjectVersion:   Dev-Online (39C831C9-5AE6-47DC-9A44-9C173E1C8E7C): 0
LogDevObjectVersion:   Dev-Physics (78F01B33-EBEA-4F98-B9B4-84EACCB95AA2): 0
LogDevObjectVersion:   Dev-Platform (6631380F-2D4D-43E0-8009-CF276956A95A): 0
LogDevObjectVersion:   Dev-Rendering (12F88B9F-8875-4AFC-A67C-D90C383ABD29): 19
LogDevObjectVersion:   Dev-Sequencer (7B5AE74C-D270-4C10-A958-57980B212A5A): 4
LogDevObjectVersion:   Dev-VR (D7296918-1DD6-4BDD-9DE2-64A83CC13884): 0
LogDevObjectVersion:   Dev-LoadTimes (C2A15278-BFE7-4AFE-6C17-90FF531DF755): 1
LogDevObjectVersion:   Private-Geometry (6EACA3D4-40EC-4CC1-B786-8BED09428FC5): 1
LogDevObjectVersion:   Dev-AnimPhys (29E575DD-E0A3-4627-9D10-D276232CDCEA): 7
LogInit: Compiled (64-bit): Aug 15 2017 02:05:26
LogInit: Compiled with Visual C++: 19.00.24215.01
LogInit: Build Configuration: Development
LogInit: Branch Name: ++UE4+Release-4.17
LogInit: Command line:  
LogInit: Base directory: C:/Program Files/Epic Games/UE_4.17/Engine/Binaries/Win64/
LogInit: Installed Engine Build: 1
LogInit: Presizing for max 8388607 objects, including 0 objects not considered by GC, pre-allocating 0 bytes for permanent pool.
LogInit: Object subsystem initialized
[2017.09.17-17.20.13:812][  0]LogInit: Selected Device Profile: [Windows]
[2017.09.17-17.20.13:812][  0]LogInit: Applying CVar settings loaded from the selected device profile: [Windows]
[2017.09.17-17.20.13:902][  0]LogInit: Computer: DESKTOP-G1FM37K
[2017.09.17-17.20.13:902][  0]LogInit: User: JonathanOates
[2017.09.17-17.20.13:902][  0]LogInit: CPU Page size=4096, Cores=4
[2017.09.17-17.20.13:902][  0]LogInit: High frequency timer resolution =4.311337 MHz
[2017.09.17-17.20.13:903][  0]LogMemory: Memory total: Physical=31.9GB (32GB approx)
[2017.09.17-17.20.13:917][  0]LogMemory: Platform Memory Stats for Windows
[2017.09.17-17.20.13:917][  0]LogMemory: Process Physical Memory: 282.35 MB used, 282.35 MB peak
[2017.09.17-17.20.13:917][  0]LogMemory: Process Virtual Memory: 282.58 MB used, 282.58 MB peak
[2017.09.17-17.20.13:917][  0]LogMemory: Physical Memory: 3011.52 MB used,  29653.09 MB free, 32664.60 MB total
[2017.09.17-17.20.13:917][  0]LogMemory: Virtual Memory: 663.49 MB used,  29653.09 MB free, 134217728.00 MB total
[2017.09.17-17.20.15:337][  0]LogInit: Using OS detected language (en-US).
[2017.09.17-17.20.15:337][  0]LogInit: Using OS detected locale (en-US).
[2017.09.17-17.20.15:570][  0]LogTextLocalizationManager: No specific localization for 'en-US' exists, so the 'en' localization will be used.
[2017.09.17-17.20.19:367][  0]LogD3D11RHI: D3D11 adapters:
[2017.09.17-17.20.19:734][  0]LogD3D11RHI:    0. 'NVIDIA GeForce GTX 1080' (Feature Level 11_0)
[2017.09.17-17.20.19:734][  0]LogD3D11RHI:       8144/0/16332 MB DedicatedVideo/DedicatedSystem/SharedSystem, Outputs:2, VendorId:0x10de
[2017.09.17-17.20.19:736][  0]LogD3D11RHI:    1. 'Microsoft Basic Render Driver' (Feature Level 11_0)
[2017.09.17-17.20.19:736][  0]LogD3D11RHI:       0/0/16332 MB DedicatedVideo/DedicatedSystem/SharedSystem, Outputs:0, VendorId:0x1414
[2017.09.17-17.20.19:736][  0]LogD3D11RHI: Chosen D3D11 Adapter: 0
[2017.09.17-17.20.19:761][  0]LogD3D11RHI: Creating new Direct3DDevice
[2017.09.17-17.20.19:761][  0]LogD3D11RHI:     GPU DeviceId: 0x1b80 (for the marketing name, search the web for "GPU Device Id")
[2017.09.17-17.20.19:761][  0]LogWindows: EnumDisplayDevices:
[2017.09.17-17.20.19:761][  0]LogWindows:    0. 'NVIDIA GeForce GTX 1080' (P:1 D:1)
[2017.09.17-17.20.19:761][  0]LogWindows:    1. 'NVIDIA GeForce GTX 1080' (P:0 D:1)
[2017.09.17-17.20.19:762][  0]LogWindows:    2. 'NVIDIA GeForce GTX 1080' (P:0 D:0)
[2017.09.17-17.20.19:762][  0]LogWindows:    3. 'NVIDIA GeForce GTX 1080' (P:0 D:0)
[2017.09.17-17.20.19:762][  0]LogWindows: DebugString: FoundDriverCount:4 
[2017.09.17-17.20.19:762][  0]LogD3D11RHI:     Adapter Name: NVIDIA GeForce GTX 1080
[2017.09.17-17.20.19:762][  0]LogD3D11RHI:   Driver Version: 376.53 (internal:21.21.13.7653, unified:376.53)
[2017.09.17-17.20.19:762][  0]LogD3D11RHI:      Driver Date: 12-29-2016
[2017.09.17-17.20.19:762][  0]LogRHI: Texture pool is 1361 MB (70% of 1945 MB)
[2017.09.17-17.20.19:889][  0]LogD3D11RHI: Async texture creation enabled
[2017.09.17-17.20.20:359][  0]LogD3D11RHI: GPU Timing Frequency: 1000.000000 (Debug: 2 1)
[2017.09.17-17.20.20:546][  0]LogShaderCompilers: Guid format shader working directory is -29 characters bigger than the processId version (../../../../../../Users/Jonathan Oates/Desktop/ExperimentalGame_1/PandaMeals_project/Intermediate/Shaders/WorkingDirectory/5584/).
[2017.09.17-17.20.20:547][  0]LogShaderCompilers: Cleaned the shader compiler working directory 'C:/Users/Jonathan Oates/AppData/Local/Temp/UnrealShaderWorkingDir/F432E2D44BF4D34FE57CD0AC3CCA454B/'.
[2017.09.17-17.20.20:555][  0]LogShaderCompilers: Display: Using Local Shader Compiler.
[2017.09.17-17.20.27:271][  0]LogTemp: Display: Loaded TP AllDesktopTargetPlatform
[2017.09.17-17.20.27:408][  0]LogTemp: Display: Loaded TP MacClientTargetPlatform
[2017.09.17-17.20.27:529][  0]LogTemp: Display: Loaded TP MacNoEditorTargetPlatform
[2017.09.17-17.20.27:659][  0]LogTemp: Display: Loaded TP MacServerTargetPlatform
[2017.09.17-17.20.27:802][  0]LogTemp: Display: Loaded TP MacTargetPlatform
[2017.09.17-17.20.27:921][  0]LogTemp: Display: Loaded TP WindowsClientTargetPlatform
[2017.09.17-17.20.28:055][  0]LogTemp: Display: Loaded TP WindowsNoEditorTargetPlatform
[2017.09.17-17.20.28:203][  0]LogTemp: Display: Loaded TP WindowsServerTargetPlatform
[2017.09.17-17.20.28:354][  0]LogTemp: Display: Loaded TP WindowsTargetPlatform
[2017.09.17-17.20.28:511][  0]LogTemp: Display: Loaded TP AndroidTargetPlatform
[2017.09.17-17.20.28:651][  0]LogTemp: Display: Loaded TP Android_ASTCTargetPlatform
[2017.09.17-17.20.28:785][  0]LogTemp: Display: Loaded TP Android_ATCTargetPlatform
[2017.09.17-17.20.28:939][  0]LogTemp: Display: Loaded TP Android_DXTTargetPlatform
[2017.09.17-17.20.29:075][  0]LogTemp: Display: Loaded TP Android_ETC1TargetPlatform
[2017.09.17-17.20.29:211][  0]LogTemp: Display: Loaded TP Android_ETC2TargetPlatform
[2017.09.17-17.20.29:484][  0]LogTemp: Display: Loaded TP Android_MultiTargetPlatform
[2017.09.17-17.20.29:484][  0]LogTemp: Display: Loaded TP Android_PVRTCTargetPlatform
[2017.09.17-17.20.29:601][  0]LogTemp: Display: Loaded TP HTML5TargetPlatform
[2017.09.17-17.20.29:876][  0]LogTemp: Display: Loaded TP IOSTargetPlatform
[2017.09.17-17.20.30:045][  0]LogTemp: Display: Loaded TP TVOSTargetPlatform
[2017.09.17-17.20.30:217][  0]LogTemp: Display: Loaded TP LinuxClientTargetPlatform
[2017.09.17-17.20.30:336][  0]LogTemp: Display: Loaded TP LinuxNoEditorTargetPlatform
[2017.09.17-17.20.30:467][  0]LogTemp: Display: Loaded TP LinuxServerTargetPlatform
[2017.09.17-17.20.30:622][  0]LogTemp: Display: Loaded TP LinuxTargetPlatform
[2017.09.17-17.20.30:622][  0]LogTargetPlatformManager: Display: Building Assets For Windows
[2017.09.17-17.20.33:002][  0]LogDerivedDataCache: Display: Max Cache Size: 512 MB
[2017.09.17-17.20.33:941][  0]LogDerivedDataCache: Loaded boot cache 0.94s 93MB C:/Users/Jonathan Oates/AppData/Local/UnrealEngine/4.17/DerivedDataCache/Boot.ddc.
[2017.09.17-17.20.33:941][  0]LogDerivedDataCache: Display: Loaded Boot cache: C:/Users/Jonathan Oates/AppData/Local/UnrealEngine/4.17/DerivedDataCache/Boot.ddc
[2017.09.17-17.20.33:942][  0]LogDerivedDataCache: FDerivedDataBackendGraph:  Pak pak cache file ../../../../../../Users/Jonathan Oates/Desktop/ExperimentalGame_1/PandaMeals_project/DerivedDataCache/DDC.ddp not found, will not use a pak cache.
[2017.09.17-17.20.33:942][  0]LogDerivedDataCache: Unable to find inner node Pak for hierarchical cache Hierarchy.
[2017.09.17-17.20.33:942][  0]LogDerivedDataCache: FDerivedDataBackendGraph:  CompressedPak pak cache file ../../../../../../Users/Jonathan Oates/Desktop/ExperimentalGame_1/PandaMeals_project/DerivedDataCache/Compressed.ddp not found, will not use a pak cache.
[2017.09.17-17.20.33:942][  0]LogDerivedDataCache: Unable to find inner node CompressedPak for hierarchical cache Hierarchy.
[2017.09.17-17.20.34:050][  0]LogDerivedDataCache: Display: Pak cache opened for reading ../../../Engine/DerivedDataCache/Compressed.ddp.
[2017.09.17-17.20.34:089][  0]LogDerivedDataCache: Using Local data cache path C:/Users/Jonathan Oates/AppData/Local/UnrealEngine/Common/DerivedDataCache: Writable
[2017.09.17-17.20.34:169][  0]LogMaterial: Verifying Global Shaders for PCD3D_SM5
[2017.09.17-17.20.34:263][  0]LogSlate: Using Freetype 2.6.0
[2017.09.17-17.20.34:331][  0]LogSlate: SlateFontCache - WITH_FREETYPE: 1, WITH_HARFBUZZ: 1
[2017.09.17-17.20.34:336][  0]LogSlate: SlateFontCache - WITH_FREETYPE: 1, WITH_HARFBUZZ: 1
[2017.09.17-17.20.41:901][  0]LogAssetRegistry: FAssetRegistry took 0.0492 seconds to start up
[2017.09.17-17.20.42:777][  0]LogInit: Selected Device Profile: [Windows]
[2017.09.17-17.20.45:958][  0]LogContentStreaming: Texture pool size is 0.00 MB
[2017.09.17-17.20.47:530][  0]LogSimplygon: Simplygon DLL not present - disabling.
[2017.09.17-17.20.47:701][  0]LogMeshReduction: Using SimplygonSwarm for distributed automatic mesh merging
[2017.09.17-17.20.47:702][  0]LogMeshReduction: Using QuadricMeshReduction for automatic static mesh reduction
[2017.09.17-17.20.47:702][  0]LogMeshReduction: No automatic skeletal mesh reduction module available
[2017.09.17-17.20.47:702][  0]LogMeshReduction: No automatic mesh merging module available
[2017.09.17-17.20.47:702][  0]LogMeshMerging: No automatic mesh merging module available
[2017.09.17-17.20.50:926][  0]LogNetVersion: PandaMeals_project , NetCL: 3573198, EngineNetVer: 2, GameNetVer: 0 (Checksum: 2743602601)
[2017.09.17-17.20.52:357][  0]LogPackageLocalizationCache: Processed 5 localized package path(s) for 2 prioritized culture(s) in 0.152522 seconds
[2017.09.17-17.20.52:375][  0]LogUObjectArray: 35825 objects as part of root set at end of initial load.
[2017.09.17-17.20.52:375][  0]LogUObjectAllocator: 7529112 out of 0 bytes used by permanent object pool.
[2017.09.17-17.20.52:375][  0]LogUObjectArray: CloseDisregardForGC: 0/0 objects in disregard for GC pool
[2017.09.17-17.20.52:599][  0]LogInit: WinSock: version 1.1 (2.2), MaxSocks=32767, MaxUdp=65467
[2017.09.17-17.21.15:327][  0]LogTcpMessaging: Initializing TcpMessaging bridge
[2017.09.17-17.21.15:463][  0]LogUdpMessaging: Initializing bridge on interface 0.0.0.0:0 to multicast group 230.0.0.1:6666.
[2017.09.17-17.21.19:768][  0]LogMaterial: Uniform references updated for custom material expression Custom.
[2017.09.17-17.21.21:182][  0]SourceControl: Source control is disabled
[2017.09.17-17.21.21:182][  0]SourceControl: Source control is disabled
[2017.09.17-17.21.21:375][  0]SourceControl: Source control is disabled
[2017.09.17-17.21.21:575][  0]SourceControl: Source control is disabled
[2017.09.17-17.21.24:194][  0]LogAndroidPermission: UAndroidPermissionCallbackProxy::GetInstance
[2017.09.17-17.21.25:180][  0]LogOcInput: OculusInput pre-init called
[2017.09.17-17.21.26:332][  0]LogEngine: Initializing Engine...
[2017.09.17-17.21.26:593][  0]LogHMD: Failed to initialize OpenVR with code 126
[2017.09.17-17.21.28:358][  0]LogStats: UGameplayTagsManager::ConstructGameplayTagTree: Construct from data asset -  0.000 s
[2017.09.17-17.21.28:358][  0]LogStats: UGameplayTagsManager::ConstructGameplayTagTree: GameplayTagTreeChangedEvent.Broadcast -  0.000 s
[2017.09.17-17.21.29:053][  0]LogAIModule: Creating AISystem for world Untitled
[2017.09.17-17.21.29:255][  0]LogInit: XAudio2 using 'Speakers (2- High Definition Audio Device)' : 2 channels at 44.1 kHz using 16 bits per sample (channel mask 0x3)
[2017.09.17-17.21.29:297][  0]LogInit: FAudioDevice initialized.
[2017.09.17-17.21.30:009][  0]LogDerivedDataCache: Saved boot cache 0.71s 93MB C:/Users/Jonathan Oates/AppData/Local/UnrealEngine/4.17/DerivedDataCache/Boot.ddc.
[2017.09.17-17.21.30:081][  0]LogInit: Texture streaming: Enabled
[2017.09.17-17.21.30:819][  0]LogEngineSessionManager: EngineSessionManager initialized
[2017.09.17-17.21.33:659][  0]LogInit: Transaction tracking system initialized
[2017.09.17-17.21.35:449][  0]BlueprintLog: New page: Editor Load
[2017.09.17-17.21.42:993][  0]LocalizationService: Localization service is disabled
[2017.09.17-17.21.49:952][  0]LogConsoleResponse: Display: 
[2017.09.17-17.21.57:138][  0]LogFileCache: Scanning file cache for directory 'C:/Users/Jonathan Oates/Desktop/ExperimentalGame_1/PandaMeals_project/Content/' took 0.02s
[2017.09.17-17.21.57:138][  0]LogCook: Display: Max memory allowance for cook 16384mb min free memory 0mb
[2017.09.17-17.21.57:138][  0]LogCook: Display: Mobile HDR setting 1
[2017.09.17-17.21.57:234][  0]LogGameplayTags: Display: UGameplayTagsManager::DoneAddingNativeTags. DelegateIsBound: 0
[2017.09.17-17.22.06:359][  0]SourceControl: Source control is disabled
[2017.09.17-17.22.06:438][  0]Cmd: MAP LOAD FILE="../../../Engine/Content/Maps/Templates/Template_Default.umap" TEMPLATE=1 SHOWPROGRESS=1 FEATURELEVEL=3
[2017.09.17-17.22.06:701][  0]LightingResults: New page: Lighting Build
[2017.09.17-17.22.07:230][  0]MapCheck: New page: Map Check
[2017.09.17-17.22.07:230][  0]LightingResults: New page: Lighting Build
[2017.09.17-17.22.09:968][  0]LogAIModule: Creating AISystem for world Untitled_1
[2017.09.17-17.22.10:479][  0]LogEditorServer: Finished looking for orphan Actors (0.000 secs)
[2017.09.17-17.22.10:611][  0]Cmd: MAP CHECKDEP NOCLEARLOG
[2017.09.17-17.22.10:799][  0]MapCheck: Map check complete: 0 Error(s), 0 Warning(s), took 188.04ms to complete.
[2017.09.17-17.22.10:800][  0]LogFileHelpers: Loading map 'Template_Default' took 4.371
[2017.09.17-17.22.13:316][  0]LogCollectionManager: Loaded 0 collections in 0.003263 seconds
[2017.09.17-17.22.13:751][  0]LogFileCache: Scanning file cache for directory 'C:/Users/Jonathan Oates/Desktop/ExperimentalGame_1/PandaMeals_project/Saved/Collections/' took 0.01s
[2017.09.17-17.22.13:751][  0]LogFileCache: Scanning file cache for directory 'C:/Users/Jonathan Oates/Desktop/ExperimentalGame_1/PandaMeals_project/Content/Developers/JonathanOates/Collections/' took 0.01s
[2017.09.17-17.22.13:751][  0]LogFileCache: Scanning file cache for directory 'C:/Users/Jonathan Oates/Desktop/ExperimentalGame_1/PandaMeals_project/Content/Collections/' took 0.01s
[2017.09.17-17.22.13:751][  0]LogCollectionManager: Rebuilt the GUID cache for 0 collections in 0.000000 seconds
[2017.09.17-17.22.13:771][  0]LogContentBrowser: Native class hierarchy populated in 0.0191 seconds. Added 2386 classes and 500 folders.
[2017.09.17-17.22.13:964][  0]LogContentBrowser: Native class hierarchy updated for 'WidgetCarousel' in 0.0010 seconds. Added 0 classes and 0 folders.
[2017.09.17-17.22.17:870][  0]LogContentBrowser: Native class hierarchy updated for 'AddContentDialog' in 0.0008 seconds. Added 0 classes and 0 folders.
[2017.09.17-17.22.18:265][  0]LogContentBrowser: Native class hierarchy updated for 'SceneOutliner' in 0.0008 seconds. Added 1 classes and 2 folders.
[2017.09.17-17.22.19:552][  0]LogSlate: Took 0.042705 seconds to synchronously load lazily loaded font '../../../Engine/Content/Slate/Fonts/Roboto-Regular.ttf' (155K)
[2017.09.17-17.22.19:583][  0]LogSlate: Took 0.010166 seconds to synchronously load lazily loaded font '../../../Engine/Content/Slate/Fonts/Roboto-Bold.ttf' (160K)
[2017.09.17-17.22.19:710][  0]LogSlate: Took 0.020332 seconds to synchronously load lazily loaded font '../../../Engine/Content/Editor/Slate/Fonts/FontAwesome.ttf' (139K)
[2017.09.17-17.22.20:887][  0]LogRenderer: Reallocating scene render targets to support 1208x652 Format 10 NumSamples 1 (Frame:1).
[2017.09.17-17.22.22:124][  0]LogContentBrowser: Native class hierarchy updated for 'HierarchicalLODOutliner' in 0.0009 seconds. Added 1 classes and 2 folders.
[2017.09.17-17.22.22:124][  0]LogLoad: (Engine Initialization) Total time: 136.02 seconds
[2017.09.17-17.22.22:124][  0]LogLoad: (Engine Initialization) Total Blueprint compile time: 0.00 seconds
[2017.09.17-17.22.22:130][  0]LogExternalProfiler: Found external profiler: VSPerf
[2017.09.17-17.22.22:130][  0]LogExternalProfiler: Using external profiler: VSPerf
[2017.09.17-17.22.22:570][  0]LogContentStreaming: Texture pool size now 1000 MB
[2017.09.17-17.22.23:484][  3]LogAssetRegistry: Asset discovery search completed in 101.6086 seconds
[2017.09.17-17.22.23:512][  3]LogCollectionManager: Rebuilt the object cache for 0 collections in 0.000001 seconds (found 0 objects)
[2017.09.17-17.22.23:512][  3]LogCollectionManager: Fixed up redirectors for 0 collections in 0.000070 seconds (updated 0 objects)
[2017.09.17-17.22.23:546][  3]LogSlate: Took 0.010525 seconds to synchronously load lazily loaded font '../../../Engine/Content/Slate/Fonts/Roboto-Light.ttf' (159K)
[2017.09.17-17.22.26:938][ 13]LogSlate: Took 0.000432 seconds to synchronously load lazily loaded font '../../../Engine/Content/Slate/Fonts/Roboto-Light.ttf' (159K)
[2017.09.17-17.22.42:661][ 60]LogEditorViewport: Clicking on Actor (LMB): StaticMeshActor (Floor)
[2017.09.17-17.22.46:851][364]LogSlate: Took 0.000334 seconds to synchronously load lazily loaded font '../../../Engine/Content/Slate/Fonts/Roboto-Light.ttf' (159K)
[2017.09.17-17.22.47:595][364]LogAIModule: Creating AISystem for world Shop_Map
[2017.09.17-17.22.47:683][364]Cmd: MAP LOAD FILE="../../../../../../Users/Jonathan Oates/Desktop/ExperimentalGame_1/PandaMeals_project/Content/Maps/Shop_Map.umap" TEMPLATE=0 SHOWPROGRESS=1 FEATURELEVEL=3
[2017.09.17-17.22.47:684][364]LightingResults: New page: Lighting Build
[2017.09.17-17.22.47:684][364]LoadErrors: New page: Loading map: Shop_Map.umap
[2017.09.17-17.22.47:690][364]MapCheck: New page: Map Check
[2017.09.17-17.22.47:690][364]LightingResults: New page: Lighting Build
[2017.09.17-17.22.47:794][364]LogEditorServer: Finished looking for orphan Actors (0.000 secs)
[2017.09.17-17.22.47:860][364]Cmd: MAP CHECKDEP NOCLEARLOG
[2017.09.17-17.22.48:032][364]MapCheck: Map check complete: 0 Error(s), 0 Warning(s), took 171.502ms to complete.
[2017.09.17-17.22.48:032][364]LogFileHelpers: Loading map 'Shop_Map' took 0.362
[2017.09.17-17.38.46:089][567]LogSlate: Took 0.000404 seconds to synchronously load lazily loaded font '../../../Engine/Content/Slate/Fonts/Roboto-Regular.ttf' (155K)
[2017.09.17-17.38.46:972][567]LogContentBrowser: Native class hierarchy updated for 'BlueprintGraph' in 0.0014 seconds. Added 113 classes and 0 folders.
[2017.09.17-17.38.48:126][567]LogSlate: Took 0.007527 seconds to synchronously load lazily loaded font '../../../Engine/Content/Editor/Slate/Fonts/Roboto-BoldCondensed.ttf' (158K)
[2017.09.17-17.38.48:588][568]LogSlate: Took 0.011084 seconds to synchronously load lazily loaded font '../../../Engine/Content/Editor/Slate/Fonts/Roboto-Italic.ttf' (157K)
[2017.09.17-17.40.38:826][196]LogBlueprint: Warning: [Phial_Manager] 'petri_dishes' variable not found. Base class was probably changed.
[2017.09.17-17.40.38:826][196]LogBlueprint: Warning: [Phial_Manager] 'petri_dishes' variable not found. Base class was probably changed.
[2017.09.17-17.42.10:595][579]BlueprintLog: New page: Compile Phial_Manager
[2017.09.17-17.42.50:626][786]LogSlate: Took 0.007113 seconds to synchronously load lazily loaded font '../../../Engine/Content/Editor/Slate/Fonts/Roboto-BoldCondensedItalic.ttf' (160K)
[2017.09.17-17.43.01:316][ 51]BlueprintLog: New page: Compile Splicer
[2017.09.17-17.43.39:375][387]BlueprintLog: New page: Compile Phial_Manager
[2017.09.17-17.44.06:987][617]LogSavePackage: Save=37.59ms
[2017.09.17-17.44.06:987][617]LogSavePackage: Moving '../../../../../../Users/Jonathan Oates/Desktop/ExperimentalGame_1/PandaMeals_project/Saved/Shop_Map_Auto16A4202DC40D814595BAEE89A2371E8F2.tmp' to '../../../../../../Users/Jonathan Oates/Desktop/ExperimentalGame_1/PandaMeals_project/Saved/Autosaves/Game/Maps/Shop_Map_Auto1.umap'
[2017.09.17-17.44.06:992][617]LogSavePackage: Display: Finished SavePackage ../../../../../../Users/Jonathan Oates/Desktop/ExperimentalGame_1/PandaMeals_project/Saved/Autosaves/Game/Maps/Shop_Map_Auto1.umap
[2017.09.17-17.44.06:996][617]LogFileHelpers: Editor autosave (incl. sublevels) for '/Game/Maps/Shop_Map' took 0.136
[2017.09.17-17.44.06:996][617]LogFileHelpers: Editor autosave (incl. sublevels) for all levels took 0.136
[2017.09.17-17.44.07:002][617]OBJ SavePackage: Generating thumbnails for [0] asset(s) in package [/Game/Blueprints/Managers/PetriDish_Manager_Printer] ([1] browsable assets)...
[2017.09.17-17.44.07:002][617]OBJ SavePackage: Finished generating thumbnails for package [/Game/Blueprints/Managers/PetriDish_Manager_Printer]
[2017.09.17-17.44.07:161][617]LogSavePackage: Save=126.51ms
[2017.09.17-17.44.07:161][617]LogSavePackage: Moving '../../../../../../Users/Jonathan Oates/Desktop/ExperimentalGame_1/PandaMeals_project/Saved/PetriDish_Manager_Printer_Auto1873BB3D4492D3CA0DE3A69A4B718EA73.tmp' to '../../../../../../Users/Jonathan Oates/Desktop/ExperimentalGame_1/PandaMeals_project/Saved/Autosaves/Game/Blueprints/Managers/PetriDish_Manager_Printer_Auto1.uasset'
[2017.09.17-17.44.07:167][617]LogSavePackage: Display: Finished SavePackage ../../../../../../Users/Jonathan Oates/Desktop/ExperimentalGame_1/PandaMeals_project/Saved/Autosaves/Game/Blueprints/Managers/PetriDish_Manager_Printer_Auto1.uasset
[2017.09.17-17.44.07:171][617]OBJ SavePackage: Generating thumbnails for [0] asset(s) in package [/Game/Blueprints/Machines/Splicer] ([1] browsable assets)...
[2017.09.17-17.44.07:171][617]OBJ SavePackage: Finished generating thumbnails for package [/Game/Blueprints/Machines/Splicer]
[2017.09.17-17.44.07:221][617]LogSavePackage: Save=17.12ms
[2017.09.17-17.44.07:221][617]LogSavePackage: Moving '../../../../../../Users/Jonathan Oates/Desktop/ExperimentalGame_1/PandaMeals_project/Saved/Splicer_Auto139E477A64067A38E7873ABB05AE28E6D.tmp' to '../../../../../../Users/Jonathan Oates/Desktop/ExperimentalGame_1/PandaMeals_project/Saved/Autosaves/Game/Blueprints/Machines/Splicer_Auto1.uasset'
[2017.09.17-17.44.07:226][617]LogSavePackage: Display: Finished SavePackage ../../../../../../Users/Jonathan Oates/Desktop/ExperimentalGame_1/PandaMeals_project/Saved/Autosaves/Game/Blueprints/Machines/Splicer_Auto1.uasset
[2017.09.17-17.44.07:230][617]OBJ SavePackage: Generating thumbnails for [0] asset(s) in package [/Game/Blueprints/Managers/Phial_Manager] ([1] browsable assets)...
[2017.09.17-17.44.07:230][617]OBJ SavePackage: Finished generating thumbnails for package [/Game/Blueprints/Managers/Phial_Manager]
[2017.09.17-17.44.07:305][617]LogSavePackage: Save=40.39ms
[2017.09.17-17.44.07:305][617]LogSavePackage: Moving '../../../../../../Users/Jonathan Oates/Desktop/ExperimentalGame_1/PandaMeals_project/Saved/Phial_Manager_Auto1A02403EF49FCF62B9CBE45AF89431AAE.tmp' to '../../../../../../Users/Jonathan Oates/Desktop/ExperimentalGame_1/PandaMeals_project/Saved/Autosaves/Game/Blueprints/Managers/Phial_Manager_Auto1.uasset'
[2017.09.17-17.44.07:330][617]LogSavePackage: Display: Finished SavePackage ../../../../../../Users/Jonathan Oates/Desktop/ExperimentalGame_1/PandaMeals_project/Saved/Autosaves/Game/Blueprints/Managers/Phial_Manager_Auto1.uasset
[2017.09.17-17.44.07:330][617]LogFileHelpers: Auto-saving content packages took 0.332
[2017.09.17-17.45.38:853][422]BlueprintLog: New page: Compile Phial_Manager
[2017.09.17-17.46.14:599][485]BlueprintLog: New page: Compile Phial_Manager
[2017.09.17-17.46.50:949][588]BlueprintLog: New page: Compile Phial_Manager
[2017.09.17-17.50.12:483][802]BlueprintLog: New page: Compile Phial_Manager
[2017.09.17-17.52.03:210][881]LogEditorTransaction: Undo Create Reroute Node
[2017.09.17-17.52.37:507][577]LogSavePackage: Save=92.92ms
[2017.09.17-17.52.37:507][577]LogSavePackage: Moving '../../../../../../Users/Jonathan Oates/Desktop/ExperimentalGame_1/PandaMeals_project/Saved/Phial_ManagerD1280D8E4CBC48D3D0B357A980B84541.tmp' to '../../../../../../Users/Jonathan Oates/Desktop/ExperimentalGame_1/PandaMeals_project/Content/Blueprints/Managers/Phial_Manager.uasset'
[2017.09.17-17.52.37:517][577]LogSavePackage: Display: Finished SavePackage ../../../../../../Users/Jonathan Oates/Desktop/ExperimentalGame_1/PandaMeals_project/Content/Blueprints/Managers/Phial_Manager.uasset
[2017.09.17-17.52.52:089][902]BlueprintLog: New page: Compile Phial
[2017.09.17-17.53.59:851][537]BlueprintLog: New page: Compile Phial_Manager
[2017.09.17-17.54.36:705][617]LogSavePackage: Save=38.56ms
[2017.09.17-17.54.36:705][617]LogSavePackage: Moving '../../../../../../Users/Jonathan Oates/Desktop/ExperimentalGame_1/PandaMeals_project/Saved/Shop_Map_Auto21507FC6149D1E395E243FA87CDB1066D.tmp' to '../../../../../../Users/Jonathan Oates/Desktop/ExperimentalGame_1/PandaMeals_project/Saved/Autosaves/Game/Maps/Shop_Map_Auto2.umap'
[2017.09.17-17.54.36:711][617]LogSavePackage: Display: Finished SavePackage ../../../../../../Users/Jonathan Oates/Desktop/ExperimentalGame_1/PandaMeals_project/Saved/Autosaves/Game/Maps/Shop_Map_Auto2.umap
[2017.09.17-17.54.36:715][617]LogFileHelpers: Editor autosave (incl. sublevels) for '/Game/Maps/Shop_Map' took 0.136
[2017.09.17-17.54.36:715][617]LogFileHelpers: Editor autosave (incl. sublevels) for all levels took 0.136
[2017.09.17-17.54.36:722][617]OBJ SavePackage: Generating thumbnails for [0] asset(s) in package [/Game/Blueprints/Managers/PetriDish_Manager_Printer] ([1] browsable assets)...
[2017.09.17-17.54.36:722][617]OBJ SavePackage: Finished generating thumbnails for package [/Game/Blueprints/Managers/PetriDish_Manager_Printer]
[2017.09.17-17.54.36:887][617]LogSavePackage: Save=128.29ms
[2017.09.17-17.54.36:887][617]LogSavePackage: Moving '../../../../../../Users/Jonathan Oates/Desktop/ExperimentalGame_1/PandaMeals_project/Saved/PetriDish_Manager_Printer_Auto279399D584371E9E1A9519E80BBFB3F2D.tmp' to '../../../../../../Users/Jonathan Oates/Desktop/ExperimentalGame_1/PandaMeals_project/Saved/Autosaves/Game/Blueprints/Managers/PetriDish_Manager_Printer_Auto2.uasset'
[2017.09.17-17.54.36:893][617]LogSavePackage: Display: Finished SavePackage ../../../../../../Users/Jonathan Oates/Desktop/ExperimentalGame_1/PandaMeals_project/Saved/Autosaves/Game/Blueprints/Managers/PetriDish_Manager_Printer_Auto2.uasset
[2017.09.17-17.54.36:896][617]OBJ SavePackage: Generating thumbnails for [0] asset(s) in package [/Game/Blueprints/Managers/Phial_Manager] ([1] browsable assets)...
[2017.09.17-17.54.36:896][617]OBJ SavePackage: Finished generating thumbnails for package [/Game/Blueprints/Managers/Phial_Manager]
[2017.09.17-17.54.37:034][617]LogSavePackage: Save=104.98ms
[2017.09.17-17.54.37:034][617]LogSavePackage: Moving '../../../../../../Users/Jonathan Oates/Desktop/ExperimentalGame_1/PandaMeals_project/Saved/Phial_Manager_Auto2361D9DC94C29BB11CA0AE98B62D0F66C.tmp' to '../../../../../../Users/Jonathan Oates/Desktop/ExperimentalGame_1/PandaMeals_project/Saved/Autosaves/Game/Blueprints/Managers/Phial_Manager_Auto2.uasset'
[2017.09.17-17.54.37:040][617]LogSavePackage: Display: Finished SavePackage ../../../../../../Users/Jonathan Oates/Desktop/ExperimentalGame_1/PandaMeals_project/Saved/Autosaves/Game/Blueprints/Managers/Phial_Manager_Auto2.uasset
[2017.09.17-17.54.37:043][617]OBJ SavePackage: Generating thumbnails for [0] asset(s) in package [/Game/Blueprints/Objects/Phial] ([1] browsable assets)...
[2017.09.17-17.54.37:043][617]OBJ SavePackage: Finished generating thumbnails for package [/Game/Blueprints/Objects/Phial]
[2017.09.17-17.54.37:111][617]LogSavePackage: Save=31.19ms
[2017.09.17-17.54.37:111][617]LogSavePackage: Moving '../../../../../../Users/Jonathan Oates/Desktop/ExperimentalGame_1/PandaMeals_project/Saved/Phial_Auto2D59F137F4E5615ECEC70A8AD8183BAA9.tmp' to '../../../../../../Users/Jonathan Oates/Desktop/ExperimentalGame_1/PandaMeals_project/Saved/Autosaves/Game/Blueprints/Objects/Phial_Auto2.uasset'
[2017.09.17-17.54.37:117][617]LogSavePackage: Display: Finished SavePackage ../../../../../../Users/Jonathan Oates/Desktop/ExperimentalGame_1/PandaMeals_project/Saved/Autosaves/Game/Blueprints/Objects/Phial_Auto2.uasset
[2017.09.17-17.54.37:117][617]LogFileHelpers: Auto-saving content packages took 0.399
[2017.09.17-18.01.49:527][806]LogRenderer: Reallocating scene render targets to support 1208x1020 Format 10 NumSamples 1 (Frame:1).
[2017.09.17-18.02.14:384][680]BlueprintLog: New page: Compile Splicer
[2017.09.17-18.02.54:470][ 79]LogSavePackage: Save=14.42ms
[2017.09.17-18.02.54:470][ 79]LogSavePackage: Moving '../../../../../../Users/Jonathan Oates/Desktop/ExperimentalGame_1/PandaMeals_project/Saved/Splicer5C5D26C243661696D764588FF391FCBC.tmp' to '../../../../../../Users/Jonathan Oates/Desktop/ExperimentalGame_1/PandaMeals_project/Content/Blueprints/Machines/Splicer.uasset'
[2017.09.17-18.02.54:480][ 79]LogSavePackage: Display: Finished SavePackage ../../../../../../Users/Jonathan Oates/Desktop/ExperimentalGame_1/PandaMeals_project/Content/Blueprints/Machines/Splicer.uasset
[2017.09.17-18.02.54:672][ 79]LogSavePackage: Save=126.86ms
[2017.09.17-18.02.54:672][ 79]LogSavePackage: Moving '../../../../../../Users/Jonathan Oates/Desktop/ExperimentalGame_1/PandaMeals_project/Saved/PetriDish_Manager_Printer1E6698F64F4D63A755875B88960FB926.tmp' to '../../../../../../Users/Jonathan Oates/Desktop/ExperimentalGame_1/PandaMeals_project/Content/Blueprints/Managers/PetriDish_Manager_Printer.uasset'
[2017.09.17-18.02.54:684][ 79]LogSavePackage: Display: Finished SavePackage ../../../../../../Users/Jonathan Oates/Desktop/ExperimentalGame_1/PandaMeals_project/Content/Blueprints/Managers/PetriDish_Manager_Printer.uasset
[2017.09.17-18.02.54:822][ 79]LogSavePackage: Save=91.09ms
[2017.09.17-18.02.54:822][ 79]LogSavePackage: Moving '../../../../../../Users/Jonathan Oates/Desktop/ExperimentalGame_1/PandaMeals_project/Saved/Phial_Manager51DEA1F7411C39282B1B78915484C6E2.tmp' to '../../../../../../Users/Jonathan Oates/Desktop/ExperimentalGame_1/PandaMeals_project/Content/Blueprints/Managers/Phial_Manager.uasset'
[2017.09.17-18.02.54:833][ 79]LogSavePackage: Display: Finished SavePackage ../../../../../../Users/Jonathan Oates/Desktop/ExperimentalGame_1/PandaMeals_project/Content/Blueprints/Managers/Phial_Manager.uasset
[2017.09.17-18.02.54:905][ 79]LogSavePackage: Save=29.71ms
[2017.09.17-18.02.54:905][ 79]LogSavePackage: Moving '../../../../../../Users/Jonathan Oates/Desktop/ExperimentalGame_1/PandaMeals_project/Saved/Phial25F2578B4FEC13B30B7866B3D15119DD.tmp' to '../../../../../../Users/Jonathan Oates/Desktop/ExperimentalGame_1/PandaMeals_project/Content/Blueprints/Objects/Phial.uasset'
[2017.09.17-18.02.54:916][ 79]LogSavePackage: Display: Finished SavePackage ../../../../../../Users/Jonathan Oates/Desktop/ExperimentalGame_1/PandaMeals_project/Content/Blueprints/Objects/Phial.uasset
[2017.09.17-18.02.55:252][ 79]LogSavePackage: Save=50.82ms
[2017.09.17-18.02.55:252][ 79]LogSavePackage: Moving '../../../../../../Users/Jonathan Oates/Desktop/ExperimentalGame_1/PandaMeals_project/Saved/Shop_Map665AD66740883ACB74357D9AE5FE79F5.tmp' to '../../../../../../Users/Jonathan Oates/Desktop/ExperimentalGame_1/PandaMeals_project/Content/Maps/Shop_Map.umap'
[2017.09.17-18.02.55:265][ 79]LogSavePackage: Display: Finished SavePackage ../../../../../../Users/Jonathan Oates/Desktop/ExperimentalGame_1/PandaMeals_project/Content/Maps/Shop_Map.umap
[2017.09.17-18.02.55:301][ 79]LogFileHelpers: Saving map 'Shop_Map' took 0.380
[2017.09.17-18.02.55:478][ 79]LogActorComponent: UnregisterComponent: (/Engine/Transient.EditorFloorComp) Not registered. Aborting.
[2017.09.17-18.02.55:566][ 79]LogActorComponent: UnregisterComponent: (/Engine/Transient.EditorFloorComp) Not registered. Aborting.
[2017.09.17-18.02.55:638][ 79]LogActorComponent: UnregisterComponent: (/Engine/Transient.EditorFloorComp) Not registered. Aborting.
[2017.09.17-18.02.55:724][ 79]LogActorComponent: UnregisterComponent: (/Engine/Transient.EditorFloorComp) Not registered. Aborting.
[2017.09.17-18.02.55:826][ 79]LogActorComponent: UnregisterComponent: (/Engine/Transient.EditorFloorComp) Not registered. Aborting.
[2017.09.17-18.02.56:110][ 80]Cmd: QUIT_EDITOR
[2017.09.17-18.02.56:135][ 80]LogWindowsTextInputMethodSystem: Display: IME system now deactivated.
[2017.09.17-18.02.56:138][ 80]LogWindowsTextInputMethodSystem: Display: IME system now deactivated.
[2017.09.17-18.02.56:153][ 80]LogExit: Preparing to exit.
[2017.09.17-18.02.57:355][ 80]LogDirectoryWatcher: A directory notification for 'C:/Users/Jonathan Oates/Desktop/ExperimentalGame_1/PandaMeals_project/Content/' was aborted.
[2017.09.17-18.02.57:427][ 80]LogExit: Editor shut down
[2017.09.17-18.02.57:436][ 80]LogExit: Transaction tracking system shut down
[2017.09.17-18.02.57:568][ 80]LogDirectoryWatcher: A directory notification for '../../../Engine/Content/' was aborted.
[2017.09.17-18.02.57:568][ 80]LogDirectoryWatcher: A directory notification for '../../../../../../Users/Jonathan Oates/Desktop/ExperimentalGame_1/PandaMeals_project/Content/' was aborted.
[2017.09.17-18.02.57:568][ 80]LogDirectoryWatcher: A directory notification for '../../../Engine/Plugins/2D/Paper2D/Content/' was aborted.
[2017.09.17-18.02.57:568][ 80]LogDirectoryWatcher: A directory notification for '../../../Engine/Plugins/Runtime/Oculus/OculusVR/Content/' was aborted.
[2017.09.17-18.02.57:568][ 80]LogDirectoryWatcher: A directory notification for '../../../Engine/Plugins/Runtime/Steam/SteamVR/Content/' was aborted.
[2017.09.17-18.02.57:701][ 80]LogExit: Object subsystem successfully closed.
[2017.09.17-18.02.57:724][ 80]LogD3D11RHI: Shutdown
[2017.09.17-18.02.57:724][ 80]LogD3D11RHI: CleanupD3DDevice
[2017.09.17-18.02.57:859][ 80]LogD3D11RHI: ~FD3D11DynamicRHI
[2017.09.17-18.02.57:923][ 80]LogModuleManager: Shutting down and abandoning module BlueprintGraph (534)
[2017.09.17-18.02.57:923][ 80]LogModuleManager: Shutting down and abandoning module BlueprintProfiler (532)
[2017.09.17-18.02.57:923][ 80]LogModuleManager: Shutting down and abandoning module HierarchicalLODOutliner (530)
[2017.09.17-18.02.57:923][ 80]LogModuleManager: Shutting down and abandoning module SceneOutliner (528)
[2017.09.17-18.02.57:923][ 80]LogModuleManager: Shutting down and abandoning module AddContentDialog (526)
[2017.09.17-18.02.57:923][ 80]LogDirectoryWatcher: A directory notification for 'C:/Program Files/Epic Games/UE_4.17/FeaturePacks/' was aborted.
[2017.09.17-18.02.57:925][ 80]LogModuleManager: Shutting down and abandoning module WidgetCarousel (525)
[2017.09.17-18.02.57:925][ 80]LogModuleManager: Shutting down and abandoning module EditorWidgets (522)
[2017.09.17-18.02.57:925][ 80]LogModuleManager: Shutting down and abandoning module CollectionManager (520)
[2017.09.17-18.02.57:925][ 80]LogDirectoryWatcher: A directory notification for 'C:/Users/Jonathan Oates/Desktop/ExperimentalGame_1/PandaMeals_project/Content/Collections/' was aborted.
[2017.09.17-18.02.57:925][ 80]LogDirectoryWatcher: A directory notification for 'C:/Users/Jonathan Oates/Desktop/ExperimentalGame_1/PandaMeals_project/Content/Developers/JonathanOates/Collections/' was aborted.
[2017.09.17-18.02.57:925][ 80]LogDirectoryWatcher: A directory notification for 'C:/Users/Jonathan Oates/Desktop/ExperimentalGame_1/PandaMeals_project/Saved/Collections/' was aborted.
[2017.09.17-18.02.57:925][ 80]LogModuleManager: Shutting down and abandoning module StatsViewer (518)
[2017.09.17-18.02.57:925][ 80]LogModuleManager: Shutting down and abandoning module FoliageEdit (516)
[2017.09.17-18.02.57:925][ 80]LogModuleManager: Shutting down and abandoning module LandscapeEditor (514)
[2017.09.17-18.02.57:925][ 80]LogModuleManager: Shutting down and abandoning module MeshPaintMode (512)
[2017.09.17-18.02.57:925][ 80]LogModuleManager: Shutting down and abandoning module SceneDepthPickerMode (510)
[2017.09.17-18.02.57:925][ 80]LogModuleManager: Shutting down and abandoning module ActorPickerMode (508)
[2017.09.17-18.02.57:925][ 80]LogModuleManager: Shutting down and abandoning module GeometryMode (506)
[2017.09.17-18.02.57:925][ 80]LogModuleManager: Shutting down and abandoning module TextureAlignMode (504)
[2017.09.17-18.02.57:926][ 80]LogModuleManager: Shutting down and abandoning module BspMode (502)
[2017.09.17-18.02.57:926][ 80]LogModuleManager: Shutting down and abandoning module PIEPreviewDeviceProfileSelector (500)
[2017.09.17-18.02.57:926][ 80]LogModuleManager: Shutting down and abandoning module HardwareSurvey (498)
[2017.09.17-18.02.57:926][ 80]LogModuleManager: Shutting down and abandoning module SequenceRecorderSections (496)
[2017.09.17-18.02.57:926][ 80]LogModuleManager: Shutting down and abandoning module AutomationWorker (494)
[2017.09.17-18.02.57:926][ 80]LogModuleManager: Shutting down and abandoning module MatineeToLevelSequence (492)
[2017.09.17-18.02.57:926][ 80]LogModuleManager: Shutting down and abandoning module LevelSequenceEditor (490)
[2017.09.17-18.02.57:926][ 80]LogModuleManager: Shutting down and abandoning module PlacementMode (489)
[2017.09.17-18.02.57:926][ 80]LogModuleManager: Shutting down and abandoning module WmfMediaFactory (486)
[2017.09.17-18.02.57:926][ 80]LogModuleManager: Shutting down and abandoning module WmfMediaEditor (484)
[2017.09.17-18.02.57:926][ 80]LogModuleManager: Shutting down and abandoning module AvfMediaFactory (482)
[2017.09.17-18.02.57:926][ 80]LogModuleManager: Shutting down and abandoning module AvfMediaEditor (480)
[2017.09.17-18.02.57:926][ 80]LogModuleManager: Shutting down and abandoning module AndroidMediaFactory (478)
[2017.09.17-18.02.57:926][ 80]LogModuleManager: Shutting down and abandoning module Media (477)
[2017.09.17-18.02.57:926][ 80]LogModuleManager: Shutting down and abandoning module AndroidMediaEditor (474)
[2017.09.17-18.02.57:926][ 80]LogModuleManager: Shutting down and abandoning module CharacterAI (472)
[2017.09.17-18.02.57:926][ 80]LogModuleManager: Shutting down and abandoning module AudioCapture (470)
[2017.09.17-18.02.57:926][ 80]LogModuleManager: Shutting down and abandoning module SequenceRecorder (469)
[2017.09.17-18.02.57:926][ 80]LogModuleManager: Shutting down and abandoning module SmartSnapping (466)
[2017.09.17-18.02.57:926][ 80]LogModuleManager: Shutting down and abandoning module SessionServices (464)
[2017.09.17-18.02.57:926][ 80]LogModuleManager: Shutting down and abandoning module ViewportSnapping (462)
[2017.09.17-18.02.57:926][ 80]LogModuleManager: Shutting down and abandoning module ViewportInteraction (460)
[2017.09.17-18.02.57:926][ 80]LogModuleManager: Shutting down and abandoning module ClothPainter (458)
[2017.09.17-18.02.57:926][ 80]LogModuleManager: Shutting down and abandoning module LogVisualizer (456)
[2017.09.17-18.02.57:926][ 80]LogModuleManager: Shutting down and abandoning module IntroTutorials (454)
[2017.09.17-18.02.57:927][ 80]LogModuleManager: Shutting down and abandoning module GameProjectGeneration (453)
[2017.09.17-18.02.57:927][ 80]LogModuleManager: Shutting down and abandoning module IOSPlatformEditor (450)
[2017.09.17-18.02.57:927][ 80]LogModuleManager: Shutting down and abandoning module HTML5PlatformEditor (448)
[2017.09.17-18.02.57:927][ 80]LogModuleManager: Shutting down and abandoning module AndroidPlatformEditor (446)
[2017.09.17-18.02.57:927][ 80]LogModuleManager: Shutting down and abandoning module AndroidDeviceDetection (445)
[2017.09.17-18.02.57:975][ 80]LogModuleManager: Shutting down and abandoning module WindowsPlatformEditor (442)
[2017.09.17-18.02.57:975][ 80]LogModuleManager: Shutting down and abandoning module IOSRuntimeSettings (440)
[2017.09.17-18.02.57:975][ 80]LogModuleManager: Shutting down and abandoning module AndroidRuntimeSettings (438)
[2017.09.17-18.02.57:975][ 80]LogModuleManager: Shutting down and abandoning module InputBindingEditor (436)
[2017.09.17-18.02.57:975][ 80]LogModuleManager: Shutting down and abandoning module MergeActors (434)
[2017.09.17-18.02.57:975][ 80]LogModuleManager: Shutting down and abandoning module SizeMap (432)
[2017.09.17-18.02.57:975][ 80]LogModuleManager: Shutting down and abandoning module TreeMap (430)
[2017.09.17-18.02.57:976][ 80]LogModuleManager: Shutting down and abandoning module ReferenceViewer (428)
[2017.09.17-18.02.57:976][ 80]LogModuleManager: Shutting down and abandoning module LocalizationDashboard (426)
[2017.09.17-18.02.57:976][ 80]LogModuleManager: Shutting down and abandoning module LocalizationService (425)
[2017.09.17-18.02.57:976][ 80]LogModuleManager: Shutting down and abandoning module HardwareTargeting (422)
[2017.09.17-18.02.57:976][ 80]LogModuleManager: Shutting down and abandoning module DeviceProfileEditor (420)
[2017.09.17-18.02.57:976][ 80]LogModuleManager: Shutting down and abandoning module UndoHistory (418)
[2017.09.17-18.02.57:976][ 80]LogModuleManager: Shutting down and abandoning module XmlParser (416)
[2017.09.17-18.02.57:976][ 80]LogModuleManager: Shutting down and abandoning module Blutility (414)
[2017.09.17-18.02.57:976][ 80]LogModuleManager: Shutting down and abandoning module ProjectSettingsViewer (412)
[2017.09.17-18.02.57:976][ 80]LogModuleManager: Shutting down and abandoning module ProjectTargetPlatformEditor (411)
[2017.09.17-18.02.57:976][ 80]LogModuleManager: Shutting down and abandoning module EditorSettingsViewer (408)
[2017.09.17-18.02.57:976][ 80]LogModuleManager: Shutting down and abandoning module SettingsEditor (406)
[2017.09.17-18.02.57:976][ 80]LogModuleManager: Shutting down and abandoning module ProjectLauncher (404)
[2017.09.17-18.02.57:976][ 80]LogModuleManager: Shutting down and abandoning module SessionFrontend (402)
[2017.09.17-18.02.57:976][ 80]LogModuleManager: Shutting down and abandoning module ProfilerClient (400)
[2017.09.17-18.02.57:976][ 80]LogModuleManager: Shutting down and abandoning module DeviceManager (398)
[2017.09.17-18.02.57:976][ 80]LogModuleManager: Shutting down and abandoning module TargetDeviceServices (397)
[2017.09.17-18.02.58:030][ 80]LogModuleManager: Shutting down and abandoning module AutomationController (394)
[2017.09.17-18.02.58:030][ 80]LogModuleManager: Shutting down and abandoning module AutomationWindow (392)
[2017.09.17-18.02.58:030][ 80]LogModuleManager: Shutting down and abandoning module Layers (390)
[2017.09.17-18.02.58:030][ 80]LogModuleManager: Shutting down and abandoning module ComponentVisualizers (388)
[2017.09.17-18.02.58:030][ 80]LogModuleManager: Shutting down and abandoning module DetailCustomizations (386)
[2017.09.17-18.02.58:030][ 80]LogModuleManager: Shutting down and abandoning module PackagesDialog (384)
[2017.09.17-18.02.58:031][ 80]LogModuleManager: Shutting down and abandoning module Persona (382)
[2017.09.17-18.02.58:031][ 80]LogModuleManager: Shutting down and abandoning module AdvancedPreviewScene (381)
[2017.09.17-18.02.58:031][ 80]LogModuleManager: Shutting down and abandoning module AnimGraph (379)
[2017.09.17-18.02.58:031][ 80]LogModuleManager: Shutting down and abandoning module Kismet (376)
[2017.09.17-18.02.58:046][ 80]LogModuleManager: Shutting down and abandoning module ClassViewer (374)
[2017.09.17-18.02.58:047][ 80]LogModuleManager: Shutting down and abandoning module Toolbox (372)
[2017.09.17-18.02.58:047][ 80]LogModuleManager: Shutting down and abandoning module ModuleUI (370)
[2017.09.17-18.02.58:047][ 80]LogModuleManager: Shutting down and abandoning module MovieSceneTools (368)
[2017.09.17-18.02.58:047][ 80]LogModuleManager: Shutting down and abandoning module OutputLog (366)
[2017.09.17-18.02.58:047][ 80]LogModuleManager: Shutting down and abandoning module GammaUI (364)
[2017.09.17-18.02.58:047][ 80]LogModuleManager: Shutting down and abandoning module Documentation (362)
[2017.09.17-18.02.58:047][ 80]LogModuleManager: Shutting down and abandoning module MovieSceneTracks (360)
[2017.09.17-18.02.58:047][ 80]LogModuleManager: Shutting down and abandoning module MovieScene (358)
[2017.09.17-18.02.58:048][ 80]LogModuleManager: Shutting down and abandoning module Niagara (356)
[2017.09.17-18.02.58:048][ 80]LogModuleManager: Shutting down and abandoning module NiagaraEditor (355)
[2017.09.17-18.02.58:048][ 80]LogModuleManager: Shutting down and abandoning module StreamingPauseRendering (352)
[2017.09.17-18.02.58:048][ 80]LogModuleManager: Shutting down and abandoning module LauncherPlatform (350)
[2017.09.17-18.02.58:048][ 80]LogModuleManager: Shutting down and abandoning module AnalyticsET (348)
[2017.09.17-18.02.58:048][ 80]LogModuleManager: Shutting down and abandoning module PortalServices (346)
[2017.09.17-18.02.58:048][ 80]LogModuleManager: Shutting down and abandoning module PortalRpc (344)
[2017.09.17-18.02.58:048][ 80]LogModuleManager: Shutting down and abandoning module MessagingRpc (342)
[2017.09.17-18.02.58:048][ 80]LogModuleManager: Shutting down and abandoning module AIModule (340)
[2017.09.17-18.02.58:048][ 80]LogModuleManager: Shutting down and abandoning module GameplayDebugger (339)
[2017.09.17-18.02.58:048][ 80]LogModuleManager: Shutting down and abandoning module AITestSuite (337)
[2017.09.17-18.02.58:048][ 80]LogModuleManager: Shutting down and abandoning module ProfilerService (334)
[2017.09.17-18.02.58:076][ 80]LogModuleManager: Shutting down and abandoning module TaskGraph (332)
[2017.09.17-18.02.58:076][ 80]LogModuleManager: Shutting down and abandoning module SteamVRController (330)
[2017.09.17-18.02.58:076][ 80]LogModuleManager: Shutting down and abandoning module ProceduralMeshComponentEditor (328)
[2017.09.17-18.02.58:076][ 80]LogModuleManager: Shutting down and abandoning module ProceduralMeshComponent (326)
[2017.09.17-18.02.58:076][ 80]LogModuleManager: Shutting down and abandoning module OculusInput (324)
[2017.09.17-18.02.58:076][ 80]LogModuleManager: Shutting down and abandoning module MobilePatchingUtils (322)
[2017.09.17-18.02.58:076][ 80]LogModuleManager: Shutting down and abandoning module CustomMeshComponent (320)
[2017.09.17-18.02.58:076][ 80]LogModuleManager: Shutting down and abandoning module CableComponent (318)
[2017.09.17-18.02.58:076][ 80]LogModuleManager: Shutting down and abandoning module ArchVisCharacter (316)
[2017.09.17-18.02.58:076][ 80]LogModuleManager: Shutting down and abandoning module AndroidPermission (314)
[2017.09.17-18.02.58:076][ 80]LogModuleManager: Shutting down and abandoning module MediaPlayerEditor (310)
[2017.09.17-18.02.58:076][ 80]LogModuleManager: Shutting down and abandoning module HTML5Networking (308)
[2017.09.17-18.02.58:076][ 80]LogModuleManager: Shutting down and abandoning module AlembicImporter (306)
[2017.09.17-18.02.58:076][ 80]LogModuleManager: Shutting down and abandoning module AlembicLibrary (305)
[2017.09.17-18.02.58:076][ 80]LogModuleManager: Shutting down and abandoning module GeometryCache (304)
[2017.09.17-18.02.58:076][ 80]LogModuleManager: Shutting down and abandoning module GeometryCacheEd (303)
[2017.09.17-18.02.58:076][ 80]LogModuleManager: Shutting down and abandoning module SpeedTreeImporter (298)
[2017.09.17-18.02.58:076][ 80]LogModuleManager: Shutting down and abandoning module PluginBrowser (296)
[2017.09.17-18.02.58:076][ 80]LogModuleManager: Shutting down and abandoning module MobileLauncherProfileWizard (294)
[2017.09.17-18.02.58:076][ 80]LogModuleManager: Shutting down and abandoning module VisualStudioSourceCodeAccess (292)
[2017.09.17-18.02.58:076][ 80]LogModuleManager: Shutting down and abandoning module DesktopPlatform (291)
[2017.09.17-18.02.58:076][ 80]LogModuleManager: Shutting down and abandoning module UObjectPlugin (288)
[2017.09.17-18.02.58:076][ 80]LogModuleManager: Shutting down and abandoning module SubversionSourceControl (286)
[2017.09.17-18.02.58:077][ 80]LogModuleManager: Shutting down and abandoning module PerforceSourceControl (284)
[2017.09.17-18.02.58:077][ 80]LogModuleManager: Shutting down and abandoning module GitSourceControl (282)
[2017.09.17-18.02.58:077][ 80]LogModuleManager: Shutting down and abandoning module SourceControl (281)
[2017.09.17-18.02.58:077][ 80]LogModuleManager: Shutting down and abandoning module LightPropagationVolumeEditor (278)
[2017.09.17-18.02.58:077][ 80]LogModuleManager: Shutting down and abandoning module PaperTiledImporter (276)
[2017.09.17-18.02.58:077][ 80]LogModuleManager: Shutting down and abandoning module PaperSpriteSheetImporter (274)
[2017.09.17-18.02.58:077][ 80]LogModuleManager: Shutting down and abandoning module Paper2DEditor (272)
[2017.09.17-18.02.58:077][ 80]LogModuleManager: Shutting down and abandoning module MeshPaint (271)
[2017.09.17-18.02.58:077][ 80]LogModuleManager: Shutting down and abandoning module LevelEditor (269)
[2017.09.17-18.02.58:078][ 80]LogModuleManager: Shutting down and abandoning module PixelInspectorModule (268)
[2017.09.17-18.02.58:078][ 80]LogModuleManager: Shutting down and abandoning module MainFrame (266)
[2017.09.17-18.02.58:078][ 80]LogModuleManager: Shutting down and abandoning module HotReload (265)
[2017.09.17-18.02.58:078][ 80]LogModuleManager: Shutting down and abandoning module RuntimePhysXCooking (260)
[2017.09.17-18.02.58:079][ 80]LogModuleManager: Shutting down and abandoning module PhysXVehiclesEditor (258)
[2017.09.17-18.02.58:079][ 80]LogModuleManager: Shutting down and abandoning module PhysXVehicles (256)
[2017.09.17-18.02.58:079][ 80]LogModuleManager: Shutting down and abandoning module OculusEditor (254)
[2017.09.17-18.02.58:079][ 80]LogModuleManager: Shutting down and abandoning module LocationServicesBPLibrary (252)
[2017.09.17-18.02.58:079][ 80]LogModuleManager: Shutting down and abandoning module ImmediatePhysicsEditor (250)
[2017.09.17-18.02.58:079][ 80]LogModuleManager: Shutting down and abandoning module ImmediatePhysics (248)
[2017.09.17-18.02.58:079][ 80]LogModuleManager: Shutting down and abandoning module UdpMessaging (246)
[2017.09.17-18.02.58:179][ 80]LogModuleManager: Shutting down and abandoning module TcpMessaging (244)
[2017.09.17-18.02.58:280][ 80]LogModuleManager: Shutting down and abandoning module GameplayTagsEditor (242)
[2017.09.17-18.02.58:280][ 80]LogModuleManager: Shutting down and abandoning module FacialAnimationEditor (240)
[2017.09.17-18.02.58:280][ 80]LogModuleManager: Shutting down and abandoning module FacialAnimation (238)
[2017.09.17-18.02.58:280][ 80]LogModuleManager: Shutting down and abandoning module AssetManagerEditor (236)
[2017.09.17-18.02.58:280][ 80]LogModuleManager: Shutting down and abandoning module GraphEditor (235)
[2017.09.17-18.02.58:280][ 80]LogModuleManager: Shutting down and abandoning module ContentBrowser (233)
[2017.09.17-18.02.58:281][ 80]LogModuleManager: Shutting down and abandoning module LightPropagationVolumeRuntime (230)
[2017.09.17-18.02.58:281][ 80]LogModuleManager: Shutting down and abandoning module Paper2D (228)
[2017.09.17-18.02.58:281][ 80]LogModuleManager: Shutting down and abandoning module WindowsMoviePlayer (226)
[2017.09.17-18.02.58:281][ 80]LogModuleManager: Shutting down and abandoning module WmfMedia (224)
[2017.09.17-18.02.58:281][ 80]LogModuleManager: Shutting down and abandoning module PacketHandler (222)
[2017.09.17-18.02.58:281][ 80]LogModuleManager: Shutting down and abandoning module ClothingSystemEditor (220)
[2017.09.17-18.02.58:281][ 80]LogModuleManager: Shutting down and abandoning module ClothingSystemRuntime (218)
[2017.09.17-18.02.58:281][ 80]LogModuleManager: Shutting down and abandoning module Overlay (216)
[2017.09.17-18.02.58:281][ 80]LogModuleManager: Shutting down and abandoning module OverlayEditor (215)
[2017.09.17-18.02.58:281][ 80]LogModuleManager: Shutting down and abandoning module MediaAssets (212)
[2017.09.17-18.02.58:281][ 80]LogModuleManager: Shutting down and abandoning module VREditor (210)
[2017.09.17-18.02.58:281][ 80]LogModuleManager: Shutting down and abandoning module StringTableEditor (208)
[2017.09.17-18.02.58:281][ 80]LogModuleManager: Shutting down and abandoning module GameplayTasksEditor (206)
[2017.09.17-18.02.58:281][ 80]LogModuleManager: Shutting down and abandoning module BehaviorTreeEditor (204)
[2017.09.17-18.02.58:281][ 80]LogModuleManager: Shutting down and abandoning module FunctionalTesting (202)
[2017.09.17-18.02.58:281][ 80]LogModuleManager: Shutting down and abandoning module CollisionAnalyzer (200)
[2017.09.17-18.02.58:282][ 80]LogModuleManager: Shutting down and abandoning module WorkspaceMenuStructure (199)
[2017.09.17-18.02.58:282][ 80]LogModuleManager: Shutting down and abandoning module UMG (196)
[2017.09.17-18.02.58:282][ 80]LogModuleManager: Shutting down and abandoning module UMGEditor (195)
[2017.09.17-18.02.58:282][ 80]LogModuleManager: Shutting down and abandoning module Sequencer (194)
[2017.09.17-18.02.58:282][ 80]LogModuleManager: Shutting down and abandoning module MessageLog (191)
[2017.09.17-18.02.58:282][ 80]LogModuleManager: Shutting down and abandoning module SlateReflector (186)
[2017.09.17-18.02.58:282][ 80]LogModuleManager: Shutting down and abandoning module Slate (184)
[2017.09.17-18.02.58:282][ 80]LogModuleManager: Shutting down and abandoning module EditorStyle (182)
[2017.09.17-18.02.58:287][ 80]LogModuleManager: Shutting down and abandoning module MRMesh (180)
[2017.09.17-18.02.58:287][ 80]LogModuleManager: Shutting down and abandoning module SourceCodeAccess (178)
[2017.09.17-18.02.58:287][ 80]LogModuleManager: Shutting down and abandoning module HeadMountedDisplay (176)
[2017.09.17-18.02.58:287][ 80]LogModuleManager: Shutting down and abandoning module XAudio2 (174)
[2017.09.17-18.02.58:287][ 80]LogModuleManager: Shutting down and abandoning module Networking (172)
[2017.09.17-18.02.58:287][ 80]LogModuleManager: Shutting down and abandoning module Core (168)
[2017.09.17-18.02.58:287][ 80]LogModuleManager: Shutting down and abandoning module KismetCompiler (164)
[2017.09.17-18.02.58:287][ 80]LogModuleManager: Shutting down and abandoning module LevelSequence (162)
[2017.09.17-18.02.58:287][ 80]LogModuleManager: Shutting down and abandoning module MeshUtilities (160)
[2017.09.17-18.02.58:287][ 80]LogModuleManager: Shutting down and abandoning module MeshMergeUtilities (159)
[2017.09.17-18.02.58:287][ 80]LogModuleManager: Shutting down and abandoning module MeshReductionInterface (158)
[2017.09.17-18.02.58:287][ 80]LogModuleManager: Shutting down and abandoning module SimplygonSwarm (157)
[2017.09.17-18.02.58:287][ 80]LogModuleManager: Shutting down and abandoning module SimplygonMeshReduction (155)
[2017.09.17-18.02.58:287][ 80]LogModuleManager: Shutting down and abandoning module QuadricMeshReduction (153)
[2017.09.17-18.02.58:287][ 80]LogModuleManager: Shutting down and abandoning module MaterialBaking (149)
[2017.09.17-18.02.58:287][ 80]LogModuleManager: Shutting down and abandoning module DirectoryWatcher (146)
[2017.09.17-18.02.58:288][ 80]LogModuleManager: Shutting down and abandoning module DerivedDataCache (144)
[2017.09.17-18.02.58:304][ 80]LogDerivedDataCache: Shutdown
[2017.09.17-18.02.58:304][ 80]LogModuleManager: Shutting down and abandoning module TargetPlatform (142)
[2017.09.17-18.02.58:304][ 80]LogModuleManager: Shutting down and abandoning module VulkanShaderFormat (141)
[2017.09.17-18.02.58:304][ 80]LogModuleManager: Shutting down and abandoning module ShaderFormatVectorVM (139)
[2017.09.17-18.02.58:304][ 80]LogModuleManager: Shutting down and abandoning module ShaderFormatOpenGL (137)
[2017.09.17-18.02.58:304][ 80]LogModuleManager: Shutting down and abandoning module ShaderFormatD3D (135)
[2017.09.17-18.02.58:304][ 80]LogModuleManager: Shutting down and abandoning module MetalShaderFormat (133)
[2017.09.17-18.02.58:304][ 80]LogModuleManager: Shutting down and abandoning module TextureFormatUncompressed (131)
[2017.09.17-18.02.58:304][ 80]LogModuleManager: Shutting down and abandoning module TextureFormatPVR (129)
[2017.09.17-18.02.58:304][ 80]LogModuleManager: Shutting down and abandoning module TextureFormatDXT (127)
[2017.09.17-18.02.58:304][ 80]LogModuleManager: Shutting down and abandoning module TextureFormatIntelISPCTexComp (125)
[2017.09.17-18.02.58:304][ 80]LogModuleManager: Shutting down and abandoning module TextureFormatASTC (123)
[2017.09.17-18.02.58:304][ 80]LogModuleManager: Shutting down and abandoning module ImageWrapper (122)
[2017.09.17-18.02.58:304][ 80]LogModuleManager: Shutting down and abandoning module TextureFormatAndroid (119)
[2017.09.17-18.02.58:304][ 80]LogModuleManager: Shutting down and abandoning module AudioFormatOpus (117)
[2017.09.17-18.02.58:304][ 80]LogModuleManager: Shutting down and abandoning module AudioFormatOgg (115)
[2017.09.17-18.02.58:304][ 80]LogModuleManager: Shutting down and abandoning module AudioFormatADPCM (113)
[2017.09.17-18.02.58:304][ 80]LogModuleManager: Shutting down and abandoning module LinuxTargetPlatform (111)
[2017.09.17-18.02.58:304][ 80]LogModuleManager: Shutting down and abandoning module LinuxServerTargetPlatform (109)
[2017.09.17-18.02.58:304][ 80]LogModuleManager: Shutting down and abandoning module LinuxNoEditorTargetPlatform (107)
[2017.09.17-18.02.58:304][ 80]LogModuleManager: Shutting down and abandoning module LinuxClientTargetPlatform (105)
[2017.09.17-18.02.58:304][ 80]LogModuleManager: Shutting down and abandoning module TVOSTargetPlatform (103)
[2017.09.17-18.02.58:304][ 80]LogModuleManager: Shutting down and abandoning module Messaging (101)
[2017.09.17-18.02.58:304][ 80]LogModuleManager: Shutting down and abandoning module IOSTargetPlatform (99)
[2017.09.17-18.02.58:304][ 80]LogModuleManager: Shutting down and abandoning module HTML5TargetPlatform (97)
[2017.09.17-18.02.58:304][ 80]LogModuleManager: Shutting down and abandoning module Android_PVRTCTargetPlatform (95)
[2017.09.17-18.02.58:304][ 80]LogModuleManager: Shutting down and abandoning module Android_MultiTargetPlatform (93)
[2017.09.17-18.02.58:305][ 80]LogModuleManager: Shutting down and abandoning module Android_ETC2TargetPlatform (91)
[2017.09.17-18.02.58:305][ 80]LogModuleManager: Shutting down and abandoning module Android_ETC1TargetPlatform (89)
[2017.09.17-18.02.58:305][ 80]LogModuleManager: Shutting down and abandoning module Android_DXTTargetPlatform (87)
[2017.09.17-18.02.58:305][ 80]LogModuleManager: Shutting down and abandoning module Android_ATCTargetPlatform (85)
[2017.09.17-18.02.58:305][ 80]LogModuleManager: Shutting down and abandoning module Android_ASTCTargetPlatform (83)
[2017.09.17-18.02.58:305][ 80]LogModuleManager: Shutting down and abandoning module AndroidTargetPlatform (81)
[2017.09.17-18.02.58:305][ 80]LogModuleManager: Shutting down and abandoning module WindowsTargetPlatform (79)
[2017.09.17-18.02.58:305][ 80]LogModuleManager: Shutting down and abandoning module WindowsServerTargetPlatform (77)
[2017.09.17-18.02.58:305][ 80]LogModuleManager: Shutting down and abandoning module WindowsNoEditorTargetPlatform (75)
[2017.09.17-18.02.58:305][ 80]LogModuleManager: Shutting down and abandoning module WindowsClientTargetPlatform (73)
[2017.09.17-18.02.58:305][ 80]LogModuleManager: Shutting down and abandoning module MacTargetPlatform (71)
[2017.09.17-18.02.58:305][ 80]LogModuleManager: Shutting down and abandoning module MacServerTargetPlatform (69)
[2017.09.17-18.02.58:305][ 80]LogModuleManager: Shutting down and abandoning module MacNoEditorTargetPlatform (67)
[2017.09.17-18.02.58:305][ 80]LogModuleManager: Shutting down and abandoning module MacClientTargetPlatform (65)
[2017.09.17-18.02.58:305][ 80]LogModuleManager: Shutting down and abandoning module AllDesktopTargetPlatform (63)
[2017.09.17-18.02.58:305][ 80]LogModuleManager: Shutting down and abandoning module InputCore (60)
[2017.09.17-18.02.58:305][ 80]LogModuleManager: Shutting down and abandoning module Settings (58)
[2017.09.17-18.02.58:305][ 80]LogModuleManager: Shutting down and abandoning module PhysXCooking (56)
[2017.09.17-18.02.58:305][ 80]LogModuleManager: Shutting down and abandoning module SteamVR (54)
[2017.09.17-18.02.58:305][ 80]LogModuleManager: Shutting down and abandoning module OculusHMD (52)
[2017.09.17-18.02.58:305][ 80]LogModuleManager: Shutting down and abandoning module ExampleDeviceProfileSelector (50)
[2017.09.17-18.02.58:305][ 80]LogModuleManager: Shutting down and abandoning module OnlineBlueprintSupport (48)
[2017.09.17-18.02.58:305][ 80]LogModuleManager: Shutting down and abandoning module OnlineSubsystem (44)
[2017.09.17-18.02.58:305][ 80]LogOnline: Display: Unloading online subsystem: NULL
[2017.09.17-18.02.58:305][ 80]LogModuleManager: Shutting down and abandoning module XMPP (43)
[2017.09.17-18.02.58:305][ 80]LogModuleManager: Shutting down and abandoning module HTTP (41)
[2017.09.17-18.02.58:305][ 80]LogHttp: Display: Http module shutting down, but needs to wait on 2 outstanding Http requests:
[2017.09.17-18.02.58:305][ 80]LogHttp: Display: 	verb=[POST] url=[https://datarouter.ol.epicgames.com/datarouter/api/v1/public/data?SessionID=%7BF458E735-4F7E-B674-E818-9DAB5AF2A8FC%7D&AppID=UEEditor.Rocket.Release&AppVersion=4.17.1-3586342%2B%2B%2BUE4%2BRelease-4.17&UserID=0c00cb594444ce5292f97aadf3b4bd87%7C9975c818dc15487da82246fda931f30b%7C03c2f105-f08a-4122-bd94-ebf12ae9fd8f&AppEnvironment=datacollector-binary&UploadType=eteventstream] status=Processing
[2017.09.17-18.02.58:305][ 80]LogHttp: Display: 	verb=[POST] url=[https://datarouter.ol.epicgames.com/datarouter/api/v1/public/data?SessionID=%7BF458E735-4F7E-B674-E818-9DAB5AF2A8FC%7D&AppID=UEEditor.Rocket.Release&AppVersion=4.17.1-3586342%2B%2B%2BUE4%2BRelease-4.17&UserID=0c00cb594444ce5292f97aadf3b4bd87%7C9975c818dc15487da82246fda931f30b%7C03c2f105-f08a-4122-bd94-ebf12ae9fd8f&AppEnvironment=datacollector-binary&UploadType=eteventstream] status=Processing
[2017.09.17-18.02.58:319][ 80]LogModuleManager: Shutting down and abandoning module SSL (40)
[2017.09.17-18.02.58:321][ 80]LogModuleManager: Shutting down and abandoning module AnimationModifiers (36)
[2017.09.17-18.02.58:321][ 80]LogModuleManager: Shutting down and abandoning module PropertyEditor (35)
[2017.09.17-18.02.58:322][ 80]LogModuleManager: Shutting down and abandoning module AudioEditor (32)
[2017.09.17-18.02.58:322][ 80]LogModuleManager: Shutting down and abandoning module TextureCompressor (30)
[2017.09.17-18.02.58:322][ 80]LogModuleManager: Shutting down and abandoning module ShaderCore (28)
[2017.09.17-18.02.58:322][ 80]LogModuleManager: Shutting down and abandoning module Landscape (26)
[2017.09.17-18.02.58:322][ 80]LogModuleManager: Shutting down and abandoning module SlateRHIRenderer (24)
[2017.09.17-18.02.58:325][ 80]LogModuleManager: Shutting down and abandoning module OpenGLDrv (22)
[2017.09.17-18.02.58:325][ 80]LogModuleManager: Shutting down and abandoning module D3D11RHI (20)
[2017.09.17-18.02.58:325][ 80]LogModuleManager: Shutting down and abandoning module AnimGraphRuntime (18)
[2017.09.17-18.02.58:325][ 80]LogModuleManager: Shutting down and abandoning module Renderer (16)
[2017.09.17-18.02.58:326][ 80]LogModuleManager: Shutting down and abandoning module Engine (14)
[2017.09.17-18.02.58:326][ 80]LogModuleManager: Shutting down and abandoning module CoreUObject (12)
[2017.09.17-18.02.58:326][ 80]LogModuleManager: Shutting down and abandoning module NetworkFile (10)
[2017.09.17-18.02.58:326][ 80]LogModuleManager: Shutting down and abandoning module CookedIterativeFile (8)
[2017.09.17-18.02.58:326][ 80]LogModuleManager: Shutting down and abandoning module StreamingFile (6)
[2017.09.17-18.02.58:326][ 80]LogModuleManager: Shutting down and abandoning module SandboxFile (4)
[2017.09.17-18.02.58:326][ 80]LogModuleManager: Shutting down and abandoning module PakFile (2)
[2017.09.17-18.02.58:335][ 80]LogExit: Exiting.
[2017.09.17-18.02.58:362][ 80]Log file closed, 09/17/17 14:02:58
